Watching for file changes with StatReloader
Waiting for apps ready_event.
Apps ready_event triggered. Sending autoreload_started signal.
Watching dir C:\Users\MALIHP\Desktop\simetriburoapp\simetri\order\templates with glob **/*.
Watching dir C:\Users\MALIHP\Desktop\simetriburoapp\simetri\users\templates with glob **/*.
Watching dir C:\Users\MALIHP\Desktop\simetriburoapp\simetri\locale with glob **/*.mo.
Watching dir C:\Users\MALIHP\Desktop\simetriburoapp\simetri\order\locale with glob **/*.mo.
Watching dir C:\Users\MALIHP\Desktop\simetriburoapp\simetri\users\locale with glob **/*.mo.
(0.000) 
            SELECT name, type FROM sqlite_master
            WHERE type in ('table', 'view') AND NOT name='sqlite_sequence'
            ORDER BY name; args=None; alias=default
(0.000) SELECT "django_migrations"."id", "django_migrations"."app", "django_migrations"."name", "django_migrations"."applied" FROM "django_migrations"; args=(); alias=default
File C:\Users\MALIHP\AppData\Local\Programs\Python\Python311\Lib\site-packages\django\utils\functional.py first seen with mtime 1702973783.6467042
File C:\Users\MALIHP\AppData\Local\Programs\Python\Python311\Lib\site-packages\asgiref\__init__.py first seen with mtime 1702973775.300307
File C:\Users\MALIHP\AppData\Local\Programs\Python\Python311\Lib\site-packages\django\contrib\sessions\backends\base.py first seen with mtime 1702973781.1307192
File C:\Users\MALIHP\AppData\Local\Programs\Python\Python311\Lib\site-packages\chardet\big5prober.py first seen with mtime 1703673218.130851
File C:\Users\MALIHP\AppData\Local\Programs\Python\Python311\Lib\site-packages\django\contrib\sites\__init__.py first seen with mtime 1702973781.521335
File C:\Users\MALIHP\AppData\Local\Programs\Python\Python311\Lib\asyncio\streams.py first seen with mtime 1675778062.0
File C:\Users\MALIHP\AppData\Local\Programs\Python\Python311\Lib\site-packages\django\contrib\contenttypes\models.py first seen with mtime 1702973778.9268162
File C:\Users\MALIHP\AppData\Local\Programs\Python\Python311\Lib\site-packages\django\forms\models.py first seen with mtime 1702973783.4123366
File C:\Users\MALIHP\AppData\Local\Programs\Python\Python311\Lib\site-packages\selenium\webdriver\common\driver_finder.py first seen with mtime 1719584370.560483
File C:\Users\MALIHP\AppData\Local\Programs\Python\Python311\Lib\email\utils.py first seen with mtime 1675778062.0
File C:\Users\MALIHP\AppData\Local\Programs\Python\Python311\Lib\site-packages\asgiref\local.py first seen with mtime 1702973775.300307
File C:\Users\MALIHP\AppData\Local\Programs\Python\Python311\Lib\importlib\resources\_adapters.py first seen with mtime 1675778062.0
File C:\Users\MALIHP\AppData\Local\Programs\Python\Python311\Lib\site-packages\selenium\webdriver\common\actions\key_input.py first seen with mtime 1719584370.1093364
File C:\Users\MALIHP\AppData\Local\Programs\Python\Python311\Lib\site-packages\bs4\formatter.py first seen with mtime 1683877399.3611522
File C:\Users\MALIHP\AppData\Local\Programs\Python\Python311\Lib\site-packages\django\core\serializers\json.py first seen with mtime 1702973783.2248409
File C:\Users\MALIHP\AppData\Local\Programs\Python\Python311\Lib\site-packages\django\contrib\admin\options.py first seen with mtime 1702973776.421731
File C:\Users\MALIHP\AppData\Local\Programs\Python\Python311\Lib\site-packages\requests\__init__.py first seen with mtime 1683877392.9806807
File C:\Users\MALIHP\AppData\Local\Programs\Python\Python311\Lib\site-packages\django\middleware\__init__.py first seen with mtime 1702973783.5529573
File C:\Users\MALIHP\AppData\Local\Programs\Python\Python311\Lib\_markupbase.py first seen with mtime 1675778062.0
File C:\Users\MALIHP\AppData\Local\Programs\Python\Python311\Lib\site-packages\selenium\webdriver\firefox\webdriver.py first seen with mtime 1719584370.810475
File C:\Users\MALIHP\AppData\Local\Programs\Python\Python311\Lib\site-packages\django\template\exceptions.py first seen with mtime 1702973783.5685813
File C:\Users\MALIHP\AppData\Local\Programs\Python\Python311\Lib\getpass.py first seen with mtime 1675778062.0
File C:\Users\MALIHP\AppData\Local\Programs\Python\Python311\Lib\site-packages\django\db\models\fields\files.py first seen with mtime 1702973783.3654618
File C:\Users\MALIHP\AppData\Local\Programs\Python\Python311\Lib\importlib\resources\readers.py first seen with mtime 1675778062.0
File C:\Users\MALIHP\AppData\Local\Programs\Python\Python311\Lib\site-packages\django\http\multipartparser.py first seen with mtime 1702973783.5373318
File C:\Users\MALIHP\AppData\Local\Programs\Python\Python311\Lib\site-packages\selenium\webdriver\safari\__init__.py first seen with mtime 1719584370.8729699
File C:\Users\MALIHP\AppData\Local\Programs\Python\Python311\Lib\site-packages\django\utils\translation\reloader.py first seen with mtime 1702973783.677954
File C:\Users\MALIHP\AppData\Local\Programs\Python\Python311\Lib\site-packages\django\db\backends\utils.py first seen with mtime 1702973783.2404654
File C:\Users\MALIHP\AppData\Local\Programs\Python\Python311\Lib\site-packages\chardet\eucjpprober.py first seen with mtime 1703673218.1464746
File C:\Users\MALIHP\AppData\Local\Programs\Python\Python311\Lib\site-packages\django\utils\translation\__init__.py first seen with mtime 1702973783.677954
File C:\Users\MALIHP\AppData\Local\Programs\Python\Python311\Lib\site-packages\django\template\defaulttags.py first seen with mtime 1702973783.5685813
File C:\Users\MALIHP\AppData\Local\Programs\Python\Python311\Lib\site-packages\chardet\sjisprober.py first seen with mtime 1703673218.1777241
File C:\Users\MALIHP\AppData\Local\Programs\Python\Python311\Lib\site-packages\django\views\csrf.py first seen with mtime 1702973783.6935785
File C:\Users\MALIHP\AppData\Local\Programs\Python\Python311\Lib\site-packages\django\views\debug.py first seen with mtime 1702973783.6935785
File C:\Users\MALIHP\AppData\Local\Programs\Python\Python311\DLLs\_ctypes.pyd first seen with mtime 1675778102.0
File C:\Users\MALIHP\AppData\Local\Programs\Python\Python311\Lib\site-packages\sqlparse\sql.py first seen with mtime 1702973774.4722037
File C:\Users\MALIHP\AppData\Local\Programs\Python\Python311\Lib\site-packages\django\db\models\utils.py first seen with mtime 1702973783.3654618
File C:\Users\MALIHP\AppData\Local\Programs\Python\Python311\Lib\site-packages\django\template\loader_tags.py first seen with mtime 1702973783.5685813
File C:\Users\MALIHP\AppData\Local\Programs\Python\Python311\Lib\email\_parseaddr.py first seen with mtime 1675778062.0
File C:\Users\MALIHP\AppData\Local\Programs\Python\Python311\Lib\site-packages\sqlparse\engine\grouping.py first seen with mtime 1702973774.4878292
File C:\Users\MALIHP\AppData\Local\Programs\Python\Python311\Lib\site-packages\django\db\models\sql\subqueries.py first seen with mtime 1702973783.3967113
File C:\Users\MALIHP\AppData\Local\Programs\Python\Python311\Lib\site-packages\selenium\webdriver\common\actions\key_actions.py first seen with mtime 1719584370.1093364
File C:\Users\MALIHP\AppData\Local\Programs\Python\Python311\Lib\random.py first seen with mtime 1675778062.0
File C:\Users\MALIHP\AppData\Local\Programs\Python\Python311\Lib\site-packages\charset_normalizer\md.cp311-win_amd64.pyd first seen with mtime 1683877386.8298016
File C:\Users\MALIHP\AppData\Local\Programs\Python\Python311\Lib\site-packages\dotenv\__init__.py first seen with mtime 1719584421.526382
File C:\Users\MALIHP\AppData\Local\Programs\Python\Python311\Lib\site-packages\django\contrib\contenttypes\admin.py first seen with mtime 1702973778.9268162
File C:\Users\MALIHP\AppData\Local\Programs\Python\Python311\Lib\site-packages\django\contrib\auth\tokens.py first seen with mtime 1702973777.656163
File C:\Users\MALIHP\AppData\Local\Programs\Python\Python311\Lib\site-packages\charset_normalizer\utils.py first seen with mtime 1683877386.8298016
File C:\Users\MALIHP\AppData\Local\Programs\Python\Python311\Lib\site-packages\django\db\migrations\migration.py first seen with mtime 1702973783.3342123
File C:\Users\MALIHP\AppData\Local\Programs\Python\Python311\Lib\site-packages\django\contrib\staticfiles\finders.py first seen with mtime 1702973783.0685945
File C:\Users\MALIHP\AppData\Local\Programs\Python\Python311\Lib\site-packages\django\views\static.py first seen with mtime 1702973783.6935785
File C:\Users\MALIHP\AppData\Local\Programs\Python\Python311\Lib\site-packages\requests\sessions.py first seen with mtime 1683877392.996305
File C:\Users\MALIHP\AppData\Local\Programs\Python\Python311\Lib\site-packages\urllib3\filepost.py first seen with mtime 1683877363.6762593
File C:\Users\MALIHP\AppData\Local\Programs\Python\Python311\Lib\site-packages\requests\exceptions.py first seen with mtime 1683877392.996305
File C:\Users\MALIHP\AppData\Local\Programs\Python\Python311\Lib\site-packages\django\utils\_os.py first seen with mtime 1702973783.63108
File C:\Users\MALIHP\AppData\Local\Programs\Python\Python311\Lib\site-packages\soupsieve\css_match.py first seen with mtime 1683877366.9960303
File C:\Users\MALIHP\AppData\Local\Programs\Python\Python311\Lib\site-packages\django\utils\http.py first seen with mtime 1702973783.6467042
File C:\Users\MALIHP\AppData\Local\Programs\Python\Python311\Lib\site-packages\django\core\signing.py first seen with mtime 1702973783.0998437
File C:\Users\MALIHP\AppData\Local\Programs\Python\Python311\Lib\site-packages\urllib3\poolmanager.py first seen with mtime 1683877363.6762593
File C:\Users\MALIHP\AppData\Local\Programs\Python\Python311\Lib\site-packages\selenium\webdriver\firefox\service.py first seen with mtime 1719584370.810475
File C:\Users\MALIHP\AppData\Local\Programs\Python\Python311\Lib\site-packages\django\forms\renderers.py first seen with mtime 1702973783.4123366
File C:\Users\MALIHP\AppData\Local\Programs\Python\Python311\Lib\site-packages\django\db\backends\base\base.py first seen with mtime 1702973783.2560904
File C:\Users\MALIHP\AppData\Local\Programs\Python\Python311\Lib\__future__.py first seen with mtime 1675778062.0
File C:\Users\MALIHP\AppData\Local\Programs\Python\Python311\Lib\site-packages\django\core\serializers\base.py first seen with mtime 1702973783.2248409
File C:\Users\MALIHP\AppData\Local\Programs\Python\Python311\Lib\ssl.py first seen with mtime 1675778062.0
File C:\Users\MALIHP\AppData\Local\Programs\Python\Python311\Lib\site-packages\django\core\mail\message.py first seen with mtime 1702973783.1779668
File C:\Users\MALIHP\AppData\Local\Programs\Python\Python311\Lib\site-packages\webdriver_manager\chrome.py first seen with mtime 1722504943.858743
File C:\Users\MALIHP\AppData\Local\Programs\Python\Python311\Lib\email\mime\multipart.py first seen with mtime 1675778062.0
File C:\Users\MALIHP\AppData\Local\Programs\Python\Python311\Lib\site-packages\django\contrib\messages\__init__.py first seen with mtime 1702973780.4736526
File C:\Users\MALIHP\AppData\Local\Programs\Python\Python311\Lib\site-packages\django\contrib\admin\templatetags\__init__.py first seen with mtime 1702973777.3280456
File C:\Users\MALIHP\AppData\Local\Programs\Python\Python311\Lib\site-packages\django\templatetags\l10n.py first seen with mtime 1702973783.5998302
File C:\Users\MALIHP\AppData\Local\Programs\Python\Python311\Lib\asyncio\base_futures.py first seen with mtime 1675778062.0
File C:\Users\MALIHP\AppData\Local\Programs\Python\Python311\Lib\site-packages\selenium\webdriver\common\print_page_options.py first seen with mtime 1719584370.654232
File C:\Users\MALIHP\AppData\Local\Programs\Python\Python311\Lib\lzma.py first seen with mtime 1675778062.0
File C:\Users\MALIHP\Desktop\simetriburoapp\Simetri\Simetri\urls.py first seen with mtime 1722349887.5870495
File C:\Users\MALIHP\AppData\Local\Programs\Python\Python311\Lib\xml\__init__.py first seen with mtime 1675778062.0
File C:\Users\MALIHP\AppData\Local\Programs\Python\Python311\Lib\site-packages\selenium\webdriver\remote\websocket_connection.py first seen with mtime 1719584370.8729699
File C:\Users\MALIHP\AppData\Local\Programs\Python\Python311\Lib\site-packages\django\middleware\cache.py first seen with mtime 1702973783.5529573
File C:\Users\MALIHP\AppData\Local\Programs\Python\Python311\Lib\tempfile.py first seen with mtime 1675778062.0
File C:\Users\MALIHP\AppData\Local\Programs\Python\Python311\Lib\encodings\aliases.py first seen with mtime 1675778062.0
File C:\Users\MALIHP\AppData\Local\Programs\Python\Python311\Lib\asyncio\selector_events.py first seen with mtime 1675778062.0
File C:\Users\MALIHP\AppData\Local\Programs\Python\Python311\Lib\site-packages\sqlparse\engine\statement_splitter.py first seen with mtime 1702973774.4878292
File C:\Users\MALIHP\AppData\Local\Programs\Python\Python311\Lib\zipfile.py first seen with mtime 1675778062.0
File C:\Users\MALIHP\AppData\Local\Programs\Python\Python311\Lib\asyncio\proactor_events.py first seen with mtime 1675778062.0
File C:\Users\MALIHP\AppData\Local\Programs\Python\Python311\Lib\uuid.py first seen with mtime 1675778062.0
File C:\Users\MALIHP\AppData\Local\Programs\Python\Python311\Lib\site-packages\django\utils\choices.py first seen with mtime 1702973783.63108
File C:\Users\MALIHP\AppData\Local\Programs\Python\Python311\Lib\site-packages\django\db\models\functions\text.py first seen with mtime 1702973783.3967113
File C:\Users\MALIHP\AppData\Local\Programs\Python\Python311\Lib\site-packages\django\apps\__init__.py first seen with mtime 1702973775.7654996
File C:\Users\MALIHP\AppData\Local\Programs\Python\Python311\Lib\site-packages\django\db\models\sql\where.py first seen with mtime 1702973783.4123366
File C:\Users\MALIHP\AppData\Local\Programs\Python\Python311\Lib\site-packages\selenium\webdriver\chromium\webdriver.py first seen with mtime 1719584370.1093364
File C:\Users\MALIHP\AppData\Local\Programs\Python\Python311\Lib\site-packages\websocket\__init__.py first seen with mtime 1719584364.9297662
File C:\Users\MALIHP\AppData\Local\Programs\Python\Python311\Lib\asyncio\trsock.py first seen with mtime 1675778062.0
File C:\Users\MALIHP\AppData\Local\Programs\Python\Python311\Lib\site-packages\django\db\models\functions\__init__.py first seen with mtime 1702973783.3810866
File C:\Users\MALIHP\AppData\Local\Programs\Python\Python311\Lib\site-packages\django\core\checks\messages.py first seen with mtime 1702973783.1310933
File C:\Users\MALIHP\AppData\Local\Programs\Python\Python311\Lib\site-packages\colorama\ansi.py first seen with mtime 1683877386.4547284
File C:\Users\MALIHP\AppData\Local\Programs\Python\Python311\Lib\site-packages\selenium\webdriver\remote\webelement.py first seen with mtime 1719584370.8729699
File C:\Users\MALIHP\AppData\Local\Programs\Python\Python311\Lib\traceback.py first seen with mtime 1675778062.0
File C:\Users\MALIHP\AppData\Local\Programs\Python\Python311\Lib\site-packages\colorama\winterm.py first seen with mtime 1683877386.4547284
File C:\Users\MALIHP\AppData\Local\Programs\Python\Python311\Lib\site-packages\django\template\loaders\base.py first seen with mtime 1702973783.584206
File C:\Users\MALIHP\AppData\Local\Programs\Python\Python311\Lib\site-packages\requests\__version__.py first seen with mtime 1683877392.9806807
File C:\Users\MALIHP\AppData\Local\Programs\Python\Python311\Lib\site-packages\selenium\webdriver\common\utils.py first seen with mtime 1719584370.6854763
File C:\Users\MALIHP\AppData\Local\Programs\Python\Python311\Lib\site-packages\django\core\serializers\python.py first seen with mtime 1702973783.2248409
File C:\Users\MALIHP\AppData\Local\Programs\Python\Python311\Lib\socket.py first seen with mtime 1675778062.0
File C:\Users\MALIHP\Desktop\simetriburoapp\Simetri\Simetri\__init__.py first seen with mtime 1722349887.5770507
File C:\Users\MALIHP\AppData\Local\Programs\Python\Python311\Lib\signal.py first seen with mtime 1675778062.0
File C:\Users\MALIHP\AppData\Local\Programs\Python\Python311\Lib\email\iterators.py first seen with mtime 1675778062.0
File C:\Users\MALIHP\AppData\Local\Programs\Python\Python311\Lib\site-packages\django\db\backends\sqlite3\introspection.py first seen with mtime 1702973783.3185873
File C:\Users\MALIHP\AppData\Local\Programs\Python\Python311\Lib\urllib\error.py first seen with mtime 1675778062.0
File C:\Users\MALIHP\AppData\Local\Programs\Python\Python311\Lib\asyncio\base_subprocess.py first seen with mtime 1675778062.0
File C:\Users\MALIHP\AppData\Local\Programs\Python\Python311\Lib\site-packages\django\db\migrations\state.py first seen with mtime 1702973783.3342123
File C:\Users\MALIHP\AppData\Local\Programs\Python\Python311\Lib\site-packages\selenium\webdriver\firefox\firefox_binary.py first seen with mtime 1719584370.7636006
File C:\Users\MALIHP\AppData\Local\Programs\Python\Python311\DLLs\_overlapped.pyd first seen with mtime 1675778102.0
File C:\Users\MALIHP\AppData\Local\Programs\Python\Python311\Lib\site-packages\django\views\generic\edit.py first seen with mtime 1702973783.7092032
File C:\Users\MALIHP\AppData\Local\Programs\Python\Python311\Lib\asyncio\sslproto.py first seen with mtime 1675778062.0
File C:\Users\MALIHP\AppData\Local\Programs\Python\Python311\Lib\site-packages\django\db\backends\sqlite3\operations.py first seen with mtime 1702973783.3185873
File C:\Users\MALIHP\AppData\Local\Programs\Python\Python311\Lib\site-packages\django\conf\urls\__init__.py first seen with mtime 1702973776.3904812
File C:\Users\MALIHP\AppData\Local\Programs\Python\Python311\Lib\site-packages\django\core\files\storage\mixins.py first seen with mtime 1702973783.1623414
File C:\Users\MALIHP\AppData\Local\Programs\Python\Python311\Lib\site-packages\django\core\files\uploadedfile.py first seen with mtime 1702973783.146717
File C:\Users\MALIHP\AppData\Local\Programs\Python\Python311\Lib\site-packages\django\templatetags\static.py first seen with mtime 1702973783.5998302
File C:\Users\MALIHP\AppData\Local\Programs\Python\Python311\Lib\contextvars.py first seen with mtime 1675778062.0
File C:\Users\MALIHP\AppData\Local\Programs\Python\Python311\Lib\site-packages\urllib3\util\ssl_.py first seen with mtime 1683877363.691884
File C:\Users\MALIHP\AppData\Local\Programs\Python\Python311\Lib\site-packages\django\db\models\sql\query.py first seen with mtime 1702973783.3967113
File C:\Users\MALIHP\AppData\Local\Programs\Python\Python311\Lib\site-packages\django\db\models\fields\generated.py first seen with mtime 1702973783.3810866
File C:\Users\MALIHP\AppData\Local\Programs\Python\Python311\Lib\site-packages\webdriver_manager\core\archive.py first seen with mtime 1722504943.8926723
File C:\Users\MALIHP\AppData\Local\Programs\Python\Python311\Lib\site-packages\chardet\johabfreq.py first seen with mtime 1703673218.1464746
File C:\Users\MALIHP\AppData\Local\Programs\Python\Python311\Lib\site-packages\selenium\webdriver\wpewebkit\__init__.py first seen with mtime 1719584370.9510932
File C:\Users\MALIHP\AppData\Local\Programs\Python\Python311\Lib\site-packages\django\contrib\sessions\apps.py first seen with mtime 1702973781.115095
File C:\Users\MALIHP\AppData\Local\Programs\Python\Python311\Lib\site-packages\django\template\backends\__init__.py first seen with mtime 1702973783.584206
File C:\Users\MALIHP\AppData\Local\Programs\Python\Python311\Lib\site-packages\django\db\models\query_utils.py first seen with mtime 1702973783.3654618
File C:\Users\MALIHP\AppData\Local\Programs\Python\Python311\Lib\site-packages\idna\__init__.py first seen with mtime 1683877381.5591106
File C:\Users\MALIHP\AppData\Local\Programs\Python\Python311\Lib\site-packages\urllib3\fields.py first seen with mtime 1683877363.6762593
File C:\Users\MALIHP\AppData\Local\Programs\Python\Python311\Lib\site-packages\websocket\_exceptions.py first seen with mtime 1719584364.9383748
File C:\Users\MALIHP\AppData\Local\Programs\Python\Python311\Lib\site-packages\selenium\webdriver\chromium\service.py first seen with mtime 1719584370.093711
File C:\Users\MALIHP\AppData\Local\Programs\Python\Python311\Lib\site-packages\django\core\paginator.py first seen with mtime 1702973783.0998437
File C:\Users\MALIHP\AppData\Local\Programs\Python\Python311\Lib\site-packages\django\db\models\fields\mixins.py first seen with mtime 1702973783.3810866
File C:\Users\MALIHP\AppData\Local\Programs\Python\Python311\Lib\contextlib.py first seen with mtime 1675778062.0
File C:\Users\MALIHP\AppData\Local\Programs\Python\Python311\Lib\email\generator.py first seen with mtime 1675778062.0
File C:\Users\MALIHP\AppData\Local\Programs\Python\Python311\Lib\selectors.py first seen with mtime 1675778062.0
File C:\Users\MALIHP\AppData\Local\Programs\Python\Python311\Lib\site-packages\django\db\models\sql\__init__.py first seen with mtime 1702973783.3967113
File C:\Users\MALIHP\AppData\Local\Programs\Python\Python311\Lib\site-packages\chardet\escprober.py first seen with mtime 1703673218.1464746
File C:\Users\MALIHP\AppData\Local\Programs\Python\Python311\Lib\site-packages\django\contrib\admin\views\main.py first seen with mtime 1702973777.3436706
File C:\Users\MALIHP\AppData\Local\Programs\Python\Python311\DLLs\_asyncio.pyd first seen with mtime 1675778102.0
File C:\Users\MALIHP\AppData\Local\Programs\Python\Python311\Lib\re\_compiler.py first seen with mtime 1675778062.0
File C:\Users\MALIHP\AppData\Local\Programs\Python\Python311\Lib\dis.py first seen with mtime 1675778062.0
File C:\Users\MALIHP\AppData\Local\Programs\Python\Python311\Lib\site-packages\urllib3\util\request.py first seen with mtime 1683877363.691884
File C:\Users\MALIHP\AppData\Local\Programs\Python\Python311\Lib\site-packages\selenium\webdriver\common\actions\action_builder.py first seen with mtime 1719584370.1093364
File C:\Users\MALIHP\AppData\Local\Programs\Python\Python311\Lib\site-packages\chardet\mbcharsetprober.py first seen with mtime 1703673218.1620998
File C:\Users\MALIHP\AppData\Local\Programs\Python\Python311\Lib\site-packages\django\shortcuts.py first seen with mtime 1702973775.7654996
File C:\Users\MALIHP\AppData\Local\Programs\Python\Python311\Lib\site-packages\chardet\euckrprober.py first seen with mtime 1703673218.1464746
File C:\Users\MALIHP\AppData\Local\Programs\Python\Python311\Lib\site-packages\charset_normalizer\cd.py first seen with mtime 1683877386.8141892
File C:\Users\MALIHP\AppData\Local\Programs\Python\Python311\Lib\site-packages\requests\api.py first seen with mtime 1683877392.9806807
File C:\Users\MALIHP\Desktop\simetriburoapp\Simetri\users\views.py first seen with mtime 1722349887.7970302
File C:\Users\MALIHP\AppData\Local\Programs\Python\Python311\Lib\site-packages\django\contrib\admin\utils.py first seen with mtime 1702973776.421731
File C:\Users\MALIHP\AppData\Local\Programs\Python\Python311\Lib\site-packages\django\views\generic\__init__.py first seen with mtime 1702973783.7092032
File C:\Users\MALIHP\AppData\Local\Programs\Python\Python311\Lib\logging\__init__.py first seen with mtime 1675778062.0
File C:\Users\MALIHP\AppData\Local\Programs\Python\Python311\Lib\site-packages\chardet\langbulgarianmodel.py first seen with mtime 1703673218.1620998
File C:\Users\MALIHP\AppData\Local\Programs\Python\Python311\Lib\site-packages\django\urls\converters.py first seen with mtime 1702973783.6154563
File C:\Users\MALIHP\AppData\Local\Programs\Python\Python311\Lib\email\mime\base.py first seen with mtime 1675778062.0
File C:\Users\MALIHP\AppData\Local\Programs\Python\Python311\Lib\site-packages\selenium\webdriver\remote\shadowroot.py first seen with mtime 1719584370.8729699
File C:\Users\MALIHP\AppData\Local\Programs\Python\Python311\Lib\site-packages\requests\_internal_utils.py first seen with mtime 1683877392.9806807
File C:\Users\MALIHP\AppData\Local\Programs\Python\Python311\Lib\site-packages\django\utils\lorem_ipsum.py first seen with mtime 1702973783.6623294
File C:\Users\MALIHP\AppData\Local\Programs\Python\Python311\Lib\email\headerregistry.py first seen with mtime 1675778062.0
File C:\Users\MALIHP\AppData\Local\Programs\Python\Python311\Lib\site-packages\django\template\library.py first seen with mtime 1702973783.5685813
File C:\Users\MALIHP\AppData\Local\Programs\Python\Python311\Lib\site-packages\django\core\checks\compatibility\__init__.py first seen with mtime 1702973783.1310933
File C:\Users\MALIHP\AppData\Local\Programs\Python\Python311\Lib\site-packages\django\template\base.py first seen with mtime 1702973783.5685813
File C:\Users\MALIHP\AppData\Local\Programs\Python\Python311\Lib\site-packages\django\urls\utils.py first seen with mtime 1702973783.6154563
File C:\Users\MALIHP\AppData\Local\Programs\Python\Python311\Lib\site-packages\selenium\webdriver\remote\switch_to.py first seen with mtime 1719584370.8729699
File C:\Users\MALIHP\AppData\Local\Programs\Python\Python311\Lib\site-packages\django\apps\registry.py first seen with mtime 1702973775.7654996
File C:\Users\MALIHP\AppData\Local\Programs\Python\Python311\Lib\site-packages\urllib3\_collections.py first seen with mtime 1683877363.6606383
File C:\Users\MALIHP\AppData\Local\Programs\Python\Python311\Lib\site-packages\urllib3\util\url.py first seen with mtime 1683877363.691884
File C:\Users\MALIHP\AppData\Local\Programs\Python\Python311\Lib\site-packages\django\db\backends\sqlite3\features.py first seen with mtime 1702973783.3185873
File C:\Users\MALIHP\AppData\Local\Programs\Python\Python311\Lib\site-packages\django\contrib\contenttypes\__init__.py first seen with mtime 1702973778.9268162
File C:\Users\MALIHP\AppData\Local\Programs\Python\Python311\Lib\site-packages\selenium\webdriver\edge\webdriver.py first seen with mtime 1719584370.7479763
File C:\Users\MALIHP\AppData\Local\Programs\Python\Python311\Lib\secrets.py first seen with mtime 1675778062.0
File C:\Users\MALIHP\AppData\Local\Programs\Python\Python311\Lib\wsgiref\util.py first seen with mtime 1675778062.0
File C:\Users\MALIHP\AppData\Local\Programs\Python\Python311\Lib\site-packages\django\contrib\staticfiles\handlers.py first seen with mtime 1702973783.0842185
File C:\Users\MALIHP\AppData\Local\Programs\Python\Python311\Lib\importlib\resources\abc.py first seen with mtime 1675778062.0
File C:\Users\MALIHP\AppData\Local\Programs\Python\Python311\Lib\site-packages\charset_normalizer\assets\__init__.py first seen with mtime 1683877386.8298016
File C:\Users\MALIHP\AppData\Local\Programs\Python\Python311\Lib\asyncio\protocols.py first seen with mtime 1675778062.0
File C:\Users\MALIHP\AppData\Local\Programs\Python\Python311\Lib\site-packages\django\contrib\admin\filters.py first seen with mtime 1702973776.406106
File C:\Users\MALIHP\AppData\Local\Programs\Python\Python311\Lib\sqlite3\dbapi2.py first seen with mtime 1675778062.0
File C:\Users\MALIHP\AppData\Local\Programs\Python\Python311\Lib\site-packages\django\utils\asyncio.py first seen with mtime 1702973783.63108
File C:\Users\MALIHP\AppData\Local\Programs\Python\Python311\Lib\hmac.py first seen with mtime 1675778062.0
File C:\Users\MALIHP\AppData\Local\Programs\Python\Python311\Lib\functools.py first seen with mtime 1675778062.0
File C:\Users\MALIHP\AppData\Local\Programs\Python\Python311\Lib\site-packages\bs4\builder\_htmlparser.py first seen with mtime 1683877399.3611522
File C:\Users\MALIHP\AppData\Local\Programs\Python\Python311\Lib\site-packages\selenium\webdriver\common\bidi\script.py first seen with mtime 1719584370.140588
File C:\Users\MALIHP\AppData\Local\Programs\Python\Python311\Lib\site-packages\django\utils\dateformat.py first seen with mtime 1702973783.63108
File C:\Users\MALIHP\AppData\Local\Programs\Python\Python311\Lib\site-packages\selenium\webdriver\common\service.py first seen with mtime 1719584370.6698532
File C:\Users\MALIHP\AppData\Local\Programs\Python\Python311\Lib\site-packages\selenium\common\__init__.py first seen with mtime 1719584370.0780895
File C:\Users\MALIHP\AppData\Local\Programs\Python\Python311\Lib\site-packages\django\template\autoreload.py first seen with mtime 1702973783.5529573
File C:\Users\MALIHP\AppData\Local\Programs\Python\Python311\Lib\zoneinfo\_tzpath.py first seen with mtime 1675778062.0
File C:\Users\MALIHP\AppData\Local\Programs\Python\Python311\Lib\site-packages\chardet\big5freq.py first seen with mtime 1703673218.115226
File C:\Users\MALIHP\AppData\Local\Programs\Python\Python311\Lib\importlib\readers.py first seen with mtime 1675778062.0
File C:\Users\MALIHP\AppData\Local\Programs\Python\Python311\Lib\site-packages\webdriver_manager\core\config.py first seen with mtime 1722504943.893672
File C:\Users\MALIHP\AppData\Local\Programs\Python\Python311\Lib\site-packages\webdriver_manager\core\http.py first seen with mtime 1722504943.902073
File C:\Users\MALIHP\AppData\Local\Programs\Python\Python311\Lib\site-packages\bs4\element.py first seen with mtime 1683877399.3611522
File C:\Users\MALIHP\AppData\Local\Programs\Python\Python311\Lib\site-packages\sqlparse\filters\others.py first seen with mtime 1702973774.4878292
File C:\Users\MALIHP\AppData\Local\Programs\Python\Python311\Lib\site-packages\django\template\utils.py first seen with mtime 1702973783.584206
File C:\Users\MALIHP\AppData\Local\Programs\Python\Python311\Lib\site-packages\django\core\checks\security\csrf.py first seen with mtime 1702973783.146717
File C:\Users\MALIHP\AppData\Local\Programs\Python\Python311\DLLs\_decimal.pyd first seen with mtime 1675778102.0
File C:\Users\MALIHP\AppData\Local\Programs\Python\Python311\Lib\site-packages\django\contrib\admin\views\autocomplete.py first seen with mtime 1702973777.3280456
File C:\Users\MALIHP\AppData\Local\Programs\Python\Python311\Lib\site-packages\chardet\mbcsgroupprober.py first seen with mtime 1703673218.1620998
File C:\Users\MALIHP\AppData\Local\Programs\Python\Python311\Lib\site-packages\selenium\webdriver\remote\utils.py first seen with mtime 1719584370.8729699
File C:\Users\MALIHP\AppData\Local\Programs\Python\Python311\Lib\site-packages\django\urls\conf.py first seen with mtime 1702973783.6154563
File C:\Users\MALIHP\AppData\Local\Programs\Python\Python311\Lib\site-packages\django\contrib\messages\api.py first seen with mtime 1702973780.4892764
File C:\Users\MALIHP\AppData\Local\Programs\Python\Python311\Lib\string.py first seen with mtime 1675778062.0
File C:\Users\MALIHP\AppData\Local\Programs\Python\Python311\Lib\site-packages\selenium\webdriver\remote\errorhandler.py first seen with mtime 1719584370.8260968
File C:\Users\MALIHP\AppData\Local\Programs\Python\Python311\Lib\warnings.py first seen with mtime 1675778062.0
File C:\Users\MALIHP\AppData\Local\Programs\Python\Python311\Lib\ipaddress.py first seen with mtime 1675778062.0
File C:\Users\MALIHP\AppData\Local\Programs\Python\Python311\Lib\site-packages\selenium\webdriver\ie\__init__.py first seen with mtime 1719584370.810475
File C:\Users\MALIHP\AppData\Local\Programs\Python\Python311\Lib\site-packages\django\contrib\auth\apps.py first seen with mtime 1702973777.6405375
File C:\Users\MALIHP\AppData\Local\Programs\Python\Python311\Lib\wsgiref\handlers.py first seen with mtime 1675778062.0
File C:\Users\MALIHP\AppData\Local\Programs\Python\Python311\Lib\asyncio\constants.py first seen with mtime 1675778062.0
File C:\Users\MALIHP\AppData\Local\Programs\Python\Python311\Lib\site-packages\urllib3\contrib\socks.py first seen with mtime 1683877363.6762593
File C:\Users\MALIHP\AppData\Local\Programs\Python\Python311\Lib\site-packages\django\http\response.py first seen with mtime 1702973783.5529573
File C:\Users\MALIHP\AppData\Local\Programs\Python\Python311\Lib\site-packages\soupsieve\css_parser.py first seen with mtime 1683877367.0116458
File C:\Users\MALIHP\AppData\Local\Programs\Python\Python311\Lib\site-packages\selenium\webdriver\remote\mobile.py first seen with mtime 1719584370.857349
File C:\Users\MALIHP\AppData\Local\Programs\Python\Python311\Lib\site-packages\websocket\_handshake.py first seen with mtime 1719584364.9393744
File C:\Users\MALIHP\AppData\Local\Programs\Python\Python311\Lib\site-packages\django\templatetags\tz.py first seen with mtime 1702973783.5998302
File C:\Users\MALIHP\AppData\Local\Programs\Python\Python311\Lib\site-packages\django\utils\autoreload.py first seen with mtime 1702973783.63108
File C:\Users\MALIHP\AppData\Local\Programs\Python\Python311\Lib\site-packages\django\core\files\images.py first seen with mtime 1702973783.146717
File C:\Users\MALIHP\AppData\Local\Programs\Python\Python311\Lib\site-packages\django\db\migrations\__init__.py first seen with mtime 1702973783.3185873
File C:\Users\MALIHP\AppData\Local\Programs\Python\Python311\Lib\site-packages\selenium\webdriver\edge\service.py first seen with mtime 1719584370.7167263
File C:\Users\MALIHP\AppData\Local\Programs\Python\Python311\Lib\site-packages\django\db\backends\sqlite3\creation.py first seen with mtime 1702973783.3185873
File C:\Users\MALIHP\AppData\Local\Programs\Python\Python311\Lib\site-packages\webdriver_manager\core\download_manager.py first seen with mtime 1722504943.8957093
File C:\Users\MALIHP\AppData\Local\Programs\Python\Python311\Lib\asyncio\windows_events.py first seen with mtime 1675778062.0
File C:\Users\MALIHP\AppData\Local\Programs\Python\Python311\Lib\site-packages\django\contrib\sessions\models.py first seen with mtime 1702973781.115095
File C:\Users\MALIHP\AppData\Local\Programs\Python\Python311\Lib\site-packages\django\views\generic\dates.py first seen with mtime 1702973783.7092032
File C:\Users\MALIHP\AppData\Local\Programs\Python\Python311\Lib\site-packages\django\views\generic\list.py first seen with mtime 1702973783.7092032
File C:\Users\MALIHP\AppData\Local\Programs\Python\Python311\Lib\site-packages\django\core\signals.py first seen with mtime 1702973783.0998437
File C:\Users\MALIHP\AppData\Local\Programs\Python\Python311\Lib\site-packages\django\utils\deconstruct.py first seen with mtime 1702973783.6467042
File C:\Users\MALIHP\AppData\Local\Programs\Python\Python311\Lib\site-packages\selenium\common\exceptions.py first seen with mtime 1719584370.0780895
File C:\Users\MALIHP\AppData\Local\Programs\Python\Python311\Lib\site-packages\urllib3\util\__init__.py first seen with mtime 1683877363.691884
File C:\Users\MALIHP\AppData\Local\Programs\Python\Python311\Lib\site-packages\django\core\mail\__init__.py first seen with mtime 1702973783.1623414
File C:\Users\MALIHP\AppData\Local\Programs\Python\Python311\Lib\site-packages\django\views\__init__.py first seen with mtime 1702973783.677954
File C:\Users\MALIHP\AppData\Local\Programs\Python\Python311\Lib\site-packages\requests\utils.py first seen with mtime 1683877392.996305
File C:\Users\MALIHP\AppData\Local\Programs\Python\Python311\Lib\email\policy.py first seen with mtime 1675778062.0
File C:\Users\MALIHP\AppData\Local\Programs\Python\Python311\Lib\site-packages\chardet\macromanprober.py first seen with mtime 1703673218.1620998
File C:\Users\MALIHP\AppData\Local\Programs\Python\Python311\Lib\site-packages\django\utils\dateparse.py first seen with mtime 1702973783.63108
File C:\Users\MALIHP\AppData\Local\Programs\Python\Python311\Lib\site-packages\django\contrib\messages\middleware.py first seen with mtime 1702973780.4892764
File C:\Users\MALIHP\AppData\Local\Programs\Python\Python311\Lib\site-packages\chardet\euctwprober.py first seen with mtime 1703673218.1464746
File C:\Users\MALIHP\AppData\Local\Programs\Python\Python311\Lib\site-packages\selenium\webdriver\common\actions\__init__.py first seen with mtime 1719584370.1093364
File C:\Users\MALIHP\AppData\Local\Programs\Python\Python311\Lib\site-packages\sqlparse\filters\__init__.py first seen with mtime 1702973774.4878292
File C:\Users\MALIHP\AppData\Local\Programs\Python\Python311\Lib\site-packages\urllib3\util\proxy.py first seen with mtime 1683877363.691884
File C:\Users\MALIHP\AppData\Local\Programs\Python\Python311\Lib\email\quoprimime.py first seen with mtime 1675778062.0
File C:\Users\MALIHP\AppData\Local\Programs\Python\Python311\Lib\copy.py first seen with mtime 1675778062.0
File C:\Users\MALIHP\AppData\Local\Programs\Python\Python311\Lib\site-packages\django\db\backends\sqlite3\_functions.py first seen with mtime 1702973783.3029642
File C:\Users\MALIHP\AppData\Local\Programs\Python\Python311\Lib\zoneinfo\_common.py first seen with mtime 1675778062.0
File C:\Users\MALIHP\AppData\Local\Programs\Python\Python311\DLLs\_queue.pyd first seen with mtime 1675778102.0
File C:\Users\MALIHP\AppData\Local\Programs\Python\Python311\Lib\http\cookiejar.py first seen with mtime 1675778062.0
File C:\Users\MALIHP\AppData\Local\Programs\Python\Python311\Lib\site-packages\urllib3\connectionpool.py first seen with mtime 1683877363.6606383
File C:\Users\MALIHP\AppData\Local\Programs\Python\Python311\Lib\site-packages\soupsieve\util.py first seen with mtime 1683877367.0116458
File C:\Users\MALIHP\AppData\Local\Programs\Python\Python311\Lib\site-packages\django\db\models\sql\datastructures.py first seen with mtime 1702973783.3967113
File C:\Users\MALIHP\AppData\Local\Programs\Python\Python311\Lib\argparse.py first seen with mtime 1675778062.0
File C:\Users\MALIHP\AppData\Local\Programs\Python\Python311\Lib\site-packages\django\template\response.py first seen with mtime 1702973783.5685813
File C:\Users\MALIHP\AppData\Local\Programs\Python\Python311\Lib\site-packages\django\contrib\contenttypes\forms.py first seen with mtime 1702973778.9268162
File C:\Users\MALIHP\AppData\Local\Programs\Python\Python311\Lib\site-packages\django\forms\forms.py first seen with mtime 1702973783.4123366
File C:\Users\MALIHP\Desktop\simetriburoapp\Simetri\users\urls.py first seen with mtime 1722349887.7970302
File C:\Users\MALIHP\AppData\Local\Programs\Python\Python311\Lib\site-packages\django\contrib\admin\widgets.py first seen with mtime 1702973776.421731
File C:\Users\MALIHP\AppData\Local\Programs\Python\Python311\Lib\site-packages\django\core\checks\async_checks.py first seen with mtime 1702973783.1154687
File C:\Users\MALIHP\AppData\Local\Programs\Python\Python311\Lib\site-packages\websocket\_ssl_compat.py first seen with mtime 1719584364.946262
File C:\Users\MALIHP\AppData\Local\Programs\Python\Python311\Lib\datetime.py first seen with mtime 1675778062.0
File C:\Users\MALIHP\AppData\Local\Programs\Python\Python311\Lib\site-packages\sqlparse\filters\reindent.py first seen with mtime 1702973774.4878292
File C:\Users\MALIHP\AppData\Local\Programs\Python\Python311\Lib\xml\dom\minidom.py first seen with mtime 1675778062.0
File C:\Users\MALIHP\AppData\Local\Programs\Python\Python311\Lib\site-packages\django\contrib\admin\templatetags\base.py first seen with mtime 1702973777.3280456
File C:\Users\MALIHP\AppData\Local\Programs\Python\Python311\Lib\site-packages\django\db\migrations\exceptions.py first seen with mtime 1702973783.3185873
File C:\Users\MALIHP\AppData\Local\Programs\Python\Python311\Lib\asyncio\futures.py first seen with mtime 1675778062.0
File C:\Users\MALIHP\AppData\Local\Programs\Python\Python311\Lib\site-packages\django\core\files\utils.py first seen with mtime 1702973783.146717
File C:\Users\MALIHP\AppData\Local\Programs\Python\Python311\Lib\site-packages\django\contrib\admin\helpers.py first seen with mtime 1702973776.421731
File C:\Users\MALIHP\Desktop\simetriburoapp\Simetri\users\apps.py first seen with mtime 1722349887.7870314
File C:\Users\MALIHP\AppData\Local\Programs\Python\Python311\Lib\site-packages\django\core\cache\backends\__init__.py first seen with mtime 1702973783.1154687
File C:\Users\MALIHP\AppData\Local\Programs\Python\Python311\Lib\http\server.py first seen with mtime 1675778062.0
File C:\Users\MALIHP\AppData\Local\Programs\Python\Python311\Lib\site-packages\selenium\webdriver\common\bidi\session.py first seen with mtime 1719584370.1562097
File C:\Users\MALIHP\AppData\Local\Programs\Python\Python311\Lib\site-packages\selenium\webdriver\safari\remote_connection.py first seen with mtime 1719584370.8885949
File C:\Users\MALIHP\AppData\Local\Programs\Python\Python311\Lib\site-packages\webdriver_manager\core\driver_cache.py first seen with mtime 1722504943.902073
File C:\Users\MALIHP\AppData\Local\Programs\Python\Python311\Lib\asyncio\subprocess.py first seen with mtime 1675778062.0
File C:\Users\MALIHP\AppData\Local\Programs\Python\Python311\Lib\site-packages\websocket\_core.py first seen with mtime 1719584364.9363766
File C:\Users\MALIHP\AppData\Local\Programs\Python\Python311\Lib\site-packages\urllib3\util\ssltransport.py first seen with mtime 1683877363.691884
File C:\Users\MALIHP\AppData\Local\Programs\Python\Python311\Lib\asyncio\base_tasks.py first seen with mtime 1675778062.0
File C:\Users\MALIHP\AppData\Local\Programs\Python\Python311\Lib\site-packages\urllib3\util\connection.py first seen with mtime 1683877363.691884
File C:\Users\MALIHP\AppData\Local\Programs\Python\Python311\Lib\ctypes\__init__.py first seen with mtime 1675778062.0
File C:\Users\MALIHP\AppData\Local\Programs\Python\Python311\Lib\site-packages\django\contrib\staticfiles\management\__init__.py first seen with mtime 1702973783.0842185
File C:\Users\MALIHP\AppData\Local\Programs\Python\Python311\Lib\linecache.py first seen with mtime 1675778062.0
File C:\Users\MALIHP\AppData\Local\Programs\Python\Python311\Lib\urllib\response.py first seen with mtime 1675778062.0
File C:\Users\MALIHP\AppData\Local\Programs\Python\Python311\Lib\site-packages\django\contrib\auth\validators.py first seen with mtime 1702973777.656163
File C:\Users\MALIHP\AppData\Local\Programs\Python\Python311\Lib\site-packages\urllib3\_request_methods.py first seen with mtime 1683877363.6606383
File C:\Users\MALIHP\AppData\Local\Programs\Python\Python311\Lib\site-packages\django\contrib\auth\checks.py first seen with mtime 1702973777.6405375
File C:\Users\MALIHP\AppData\Local\Programs\Python\Python311\Lib\site-packages\django\contrib\sites\requests.py first seen with mtime 1702973781.5369587
File C:\Users\MALIHP\AppData\Local\Programs\Python\Python311\Lib\site-packages\django\core\checks\urls.py first seen with mtime 1702973783.1310933
File C:\Users\MALIHP\AppData\Local\Programs\Python\Python311\Lib\site-packages\django\utils\itercompat.py first seen with mtime 1702973783.6623294
File C:\Users\MALIHP\AppData\Local\Programs\Python\Python311\Lib\site-packages\django\core\cache\__init__.py first seen with mtime 1702973783.0998437
File C:\Users\MALIHP\AppData\Local\Programs\Python\Python311\Lib\glob.py first seen with mtime 1675778062.0
File C:\Users\MALIHP\AppData\Local\Programs\Python\Python311\Lib\site-packages\django\db\migrations\operations\models.py first seen with mtime 1702973783.3498368
File C:\Users\MALIHP\AppData\Local\Programs\Python\Python311\Lib\email\_encoded_words.py first seen with mtime 1675778062.0
File C:\Users\MALIHP\AppData\Local\Programs\Python\Python311\Lib\site-packages\django\contrib\__init__.py first seen with mtime 1702973776.406106
File C:\Users\MALIHP\AppData\Local\Programs\Python\Python311\Lib\site-packages\colorama\win32.py first seen with mtime 1683877386.4547284
File C:\Users\MALIHP\AppData\Local\Programs\Python\Python311\Lib\asyncio\format_helpers.py first seen with mtime 1675778062.0
File C:\Users\MALIHP\Desktop\simetriburoapp\Simetri\order\views.py first seen with mtime 1722853197.2752306
File C:\Users\MALIHP\AppData\Local\Programs\Python\Python311\Lib\site-packages\chardet\langhebrewmodel.py first seen with mtime 1703673218.1620998
File C:\Users\MALIHP\AppData\Local\Programs\Python\Python311\Lib\site-packages\selenium\webdriver\safari\webdriver.py first seen with mtime 1719584370.90422
File C:\Users\MALIHP\AppData\Local\Programs\Python\Python311\Lib\xml\dom\xmlbuilder.py first seen with mtime 1675778062.0
File C:\Users\MALIHP\AppData\Local\Programs\Python\Python311\Lib\site-packages\django\db\models\functions\math.py first seen with mtime 1702973783.3967113
File C:\Users\MALIHP\AppData\Local\Programs\Python\Python311\Lib\site-packages\django\template\context.py first seen with mtime 1702973783.5685813
File C:\Users\MALIHP\AppData\Local\Programs\Python\Python311\Lib\site-packages\django\db\models\deletion.py first seen with mtime 1702973783.3498368
File C:\Users\MALIHP\AppData\Local\Programs\Python\Python311\Lib\decimal.py first seen with mtime 1675778062.0
File C:\Users\MALIHP\AppData\Local\Programs\Python\Python311\DLLs\_lzma.pyd first seen with mtime 1675778102.0
File C:\Users\MALIHP\AppData\Local\Programs\Python\Python311\Lib\pathlib.py first seen with mtime 1675778062.0
File C:\Users\MALIHP\AppData\Local\Programs\Python\Python311\Lib\asyncio\log.py first seen with mtime 1675778062.0
File C:\Users\MALIHP\AppData\Local\Programs\Python\Python311\Lib\encodings\__init__.py first seen with mtime 1675778062.0
File C:\Users\MALIHP\AppData\Local\Programs\Python\Python311\Lib\site-packages\urllib3\_base_connection.py first seen with mtime 1683877363.6606383
File C:\Users\MALIHP\AppData\Local\Programs\Python\Python311\Lib\asyncio\mixins.py first seen with mtime 1675778062.0
File C:\Users\MALIHP\AppData\Local\Programs\Python\Python311\Lib\asyncio\taskgroups.py first seen with mtime 1675778062.0
File C:\Users\MALIHP\AppData\Local\Programs\Python\Python311\Lib\site-packages\django\core\cache\backends\locmem.py first seen with mtime 1702973783.1154687
File C:\Users\MALIHP\AppData\Local\Programs\Python\Python311\Lib\site-packages\chardet\mbcssm.py first seen with mtime 1703673218.1777241
File C:\Users\MALIHP\AppData\Local\Programs\Python\Python311\Lib\site-packages\django\core\management\color.py first seen with mtime 1702973783.1779668
File C:\Users\MALIHP\AppData\Local\Programs\Python\Python311\Lib\site-packages\django\db\models\expressions.py first seen with mtime 1702973783.3654618
File C:\Users\MALIHP\AppData\Local\Programs\Python\Python311\Lib\site-packages\selenium\webdriver\ie\options.py first seen with mtime 1719584370.810475
File C:\Users\MALIHP\AppData\Local\Programs\Python\Python311\Lib\site-packages\django\core\checks\__init__.py first seen with mtime 1702973783.1154687
File C:\Users\MALIHP\AppData\Local\Programs\Python\Python311\Lib\site-packages\_distutils_hack\__init__.py first seen with mtime 1680071890.841492
File C:\Users\MALIHP\AppData\Local\Programs\Python\Python311\Lib\xml\dom\domreg.py first seen with mtime 1675778062.0
File C:\Users\MALIHP\AppData\Local\Programs\Python\Python311\Lib\site-packages\django\contrib\admin\templatetags\admin_urls.py first seen with mtime 1702973777.3280456
File C:\Users\MALIHP\AppData\Local\Programs\Python\Python311\Lib\platform.py first seen with mtime 1675778062.0
File C:\Users\MALIHP\AppData\Local\Programs\Python\Python311\Lib\site-packages\django\core\handlers\__init__.py first seen with mtime 1702973783.1623414
File C:\Users\MALIHP\AppData\Local\Programs\Python\Python311\Lib\site-packages\django\contrib\auth\models.py first seen with mtime 1702973777.656163
File C:\Users\MALIHP\AppData\Local\Programs\Python\Python311\Lib\site-packages\django\templatetags\__init__.py first seen with mtime 1702973783.5998302
File C:\Users\MALIHP\AppData\Local\Programs\Python\Python311\Lib\site-packages\chardet\johabprober.py first seen with mtime 1703673218.1464746
File C:\Users\MALIHP\AppData\Local\Programs\Python\Python311\Lib\stringprep.py first seen with mtime 1675778062.0
File C:\Users\MALIHP\AppData\Local\Programs\Python\Python311\Lib\site-packages\chardet\langrussianmodel.py first seen with mtime 1703673218.1620998
File C:\Users\MALIHP\AppData\Local\Programs\Python\Python311\Lib\site-packages\django\contrib\staticfiles\utils.py first seen with mtime 1702973783.0842185
File C:\Users\MALIHP\AppData\Local\Programs\Python\Python311\Lib\site-packages\django\utils\crypto.py first seen with mtime 1702973783.63108
File C:\Users\MALIHP\AppData\Local\Programs\Python\Python311\Lib\asyncio\transports.py first seen with mtime 1675778062.0
File C:\Users\MALIHP\AppData\Local\Programs\Python\Python311\Lib\site-packages\django\db\models\aggregates.py first seen with mtime 1702973783.3498368
File C:\Users\MALIHP\AppData\Local\Programs\Python\Python311\Lib\site-packages\django\core\files\uploadhandler.py first seen with mtime 1702973783.146717
File C:\Users\MALIHP\AppData\Local\Programs\Python\Python311\Lib\site-packages\selenium\webdriver\remote\webdriver.py first seen with mtime 1719584370.8729699
File C:\Users\MALIHP\AppData\Local\Programs\Python\Python311\Lib\site-packages\chardet\codingstatemachine.py first seen with mtime 1703673218.130851
File C:\Users\MALIHP\AppData\Local\Programs\Python\Python311\Lib\bz2.py first seen with mtime 1675778062.0
File C:\Users\MALIHP\AppData\Local\Programs\Python\Python311\Lib\email\_header_value_parser.py first seen with mtime 1675778062.0
File C:\Users\MALIHP\AppData\Local\Programs\Python\Python311\Lib\site-packages\django\db\models\constraints.py first seen with mtime 1702973783.3498368
File C:\Users\MALIHP\AppData\Local\Programs\Python\Python311\Lib\site-packages\django\db\migrations\executor.py first seen with mtime 1702973783.3185873
File C:\Users\MALIHP\AppData\Local\Programs\Python\Python311\Lib\site-packages\django\db\models\manager.py first seen with mtime 1702973783.3654618
File C:\Users\MALIHP\AppData\Local\Programs\Python\Python311\Lib\asyncio\timeouts.py first seen with mtime 1675778062.0
File C:\Users\MALIHP\AppData\Local\Programs\Python\Python311\Lib\asyncio\threads.py first seen with mtime 1675778062.0
File C:\Users\MALIHP\AppData\Local\Programs\Python\Python311\Lib\site-packages\django\template\backends\base.py first seen with mtime 1702973783.584206
File C:\Users\MALIHP\AppData\Local\Programs\Python\Python311\Lib\site-packages\chardet\langgreekmodel.py first seen with mtime 1703673218.1620998
File C:\Users\MALIHP\AppData\Local\Programs\Python\Python311\Lib\concurrent\futures\__init__.py first seen with mtime 1675778062.0
File C:\Users\MALIHP\AppData\Local\Programs\Python\Python311\Lib\site-packages\django\urls\resolvers.py first seen with mtime 1702973783.6154563
File C:\Users\MALIHP\AppData\Local\Programs\Python\Python311\Lib\site-packages\django\db\models\fields\__init__.py first seen with mtime 1702973783.3654618
File C:\Users\MALIHP\AppData\Local\Programs\Python\Python311\Lib\site-packages\django\db\models\query.py first seen with mtime 1702973783.3654618
File C:\Users\MALIHP\AppData\Local\Programs\Python\Python311\Lib\asyncio\queues.py first seen with mtime 1675778062.0
File C:\Users\MALIHP\AppData\Local\Programs\Python\Python311\Lib\site-packages\websocket\_url.py first seen with mtime 1719584364.94826
File C:\Users\MALIHP\AppData\Local\Programs\Python\Python311\Lib\email\errors.py first seen with mtime 1675778062.0
File C:\Users\MALIHP\AppData\Local\Programs\Python\Python311\Lib\site-packages\django\db\models\constants.py first seen with mtime 1702973783.3498368
File C:\Users\MALIHP\AppData\Local\Programs\Python\Python311\Lib\site-packages\django\db\backends\sqlite3\schema.py first seen with mtime 1702973783.3185873
File C:\Users\MALIHP\AppData\Local\Programs\Python\Python311\Lib\site-packages\django\http\cookie.py first seen with mtime 1702973783.5373318
File C:\Users\MALIHP\AppData\Local\Programs\Python\Python311\Lib\site-packages\django\db\backends\sqlite3\__init__.py first seen with mtime 1702973783.3029642
File C:\Users\MALIHP\AppData\Local\Programs\Python\Python311\Lib\site-packages\django\db\backends\__init__.py first seen with mtime 1702973783.2404654
File C:\Users\MALIHP\AppData\Local\Programs\Python\Python311\Lib\site-packages\django\db\models\fields\proxy.py first seen with mtime 1702973783.3810866
File C:\Users\MALIHP\AppData\Local\Programs\Python\Python311\Lib\site-packages\django\views\generic\detail.py first seen with mtime 1702973783.7092032
File C:\Users\MALIHP\AppData\Local\Programs\Python\Python311\Lib\site-packages\django\utils\hashable.py first seen with mtime 1702973783.6467042
File C:\Users\MALIHP\AppData\Local\Programs\Python\Python311\Lib\queue.py first seen with mtime 1675778062.0
File C:\Users\MALIHP\AppData\Local\Programs\Python\Python311\Lib\site-packages\django\views\generic\base.py first seen with mtime 1702973783.7092032
File C:\Users\MALIHP\AppData\Local\Programs\Python\Python311\Lib\site-packages\chardet\cp949prober.py first seen with mtime 1703673218.130851
File C:\Users\MALIHP\AppData\Local\Programs\Python\Python311\Lib\site-packages\websocket\_utils.py first seen with mtime 1719584364.9492593
File C:\Users\MALIHP\AppData\Local\Programs\Python\Python311\Lib\site-packages\selenium\webdriver\support\expected_conditions.py first seen with mtime 1719584370.9354682
File C:\Users\MALIHP\AppData\Local\Programs\Python\Python311\Lib\http\cookies.py first seen with mtime 1675778062.0
File C:\Users\MALIHP\AppData\Local\Programs\Python\Python311\Lib\site-packages\django\contrib\auth\admin.py first seen with mtime 1702973777.6405375
File C:\Users\MALIHP\AppData\Local\Programs\Python\Python311\Lib\site-packages\django\utils\ipv6.py first seen with mtime 1702973783.6623294
File C:\Users\MALIHP\AppData\Local\Programs\Python\Python311\Lib\pprint.py first seen with mtime 1675778062.0
File C:\Users\MALIHP\AppData\Local\Programs\Python\Python311\Lib\site-packages\sqlparse\keywords.py first seen with mtime 1702973774.4722037
File C:\Users\MALIHP\AppData\Local\Programs\Python\Python311\Lib\site-packages\django\db\models\lookups.py first seen with mtime 1702973783.3654618
File C:\Users\MALIHP\AppData\Local\Programs\Python\Python311\Lib\site-packages\selenium\webdriver\safari\options.py first seen with mtime 1719584370.8885949
File C:\Users\MALIHP\AppData\Local\Programs\Python\Python311\DLLs\_hashlib.pyd first seen with mtime 1675778104.0
File C:\Users\MALIHP\AppData\Local\Programs\Python\Python311\Lib\_weakrefset.py first seen with mtime 1675778062.0
File C:\Users\MALIHP\AppData\Local\Programs\Python\Python311\Lib\site-packages\django\db\backends\sqlite3\client.py first seen with mtime 1702973783.3029642
File C:\Users\MALIHP\AppData\Local\Programs\Python\Python311\Lib\site-packages\django\core\checks\compatibility\django_4_0.py first seen with mtime 1702973783.1310933
File C:\Users\MALIHP\AppData\Local\Programs\Python\Python311\Lib\site-packages\django\views\decorators\common.py first seen with mtime 1702973783.6935785
File C:\Users\MALIHP\Desktop\simetriburoapp\Simetri\Simetri\settings.py first seen with mtime 1722853231.7516232
File C:\Users\MALIHP\AppData\Local\Programs\Python\Python311\Lib\site-packages\selenium\webdriver\common\virtual_authenticator.py first seen with mtime 1719584370.6854763
File C:\Users\MALIHP\AppData\Local\Programs\Python\Python311\Lib\weakref.py first seen with mtime 1675778062.0
File C:\Users\MALIHP\Desktop\simetriburoapp\Simetri\users\models.py first seen with mtime 1722349887.7870314
File C:\Users\MALIHP\AppData\Local\Programs\Python\Python311\Lib\site-packages\colorama\ansitowin32.py first seen with mtime 1683877386.4547284
File C:\Users\MALIHP\AppData\Local\Programs\Python\Python311\Lib\site-packages\django\contrib\admin\templatetags\admin_list.py first seen with mtime 1702973777.3280456
File C:\Users\MALIHP\AppData\Local\Programs\Python\Python311\Lib\site-packages\selenium\webdriver\webkitgtk\__init__.py first seen with mtime 1719584370.9354682
File C:\Users\MALIHP\AppData\Local\Programs\Python\Python311\DLLs\_uuid.pyd first seen with mtime 1675778102.0
File C:\Users\MALIHP\AppData\Local\Programs\Python\Python311\Lib\site-packages\django\contrib\contenttypes\management\__init__.py first seen with mtime 1702973779.2236843
File C:\Users\MALIHP\AppData\Local\Programs\Python\Python311\Lib\site-packages\webdriver_manager\core\utils.py first seen with mtime 1722504943.902073
File C:\Users\MALIHP\AppData\Local\Programs\Python\Python311\Lib\site-packages\django\contrib\staticfiles\apps.py first seen with mtime 1702973783.0685945
File C:\Users\MALIHP\AppData\Local\Programs\Python\Python311\Lib\site-packages\chardet\gb2312freq.py first seen with mtime 1703673218.1464746
File C:\Users\MALIHP\AppData\Local\Programs\Python\Python311\Lib\site-packages\urllib3\util\wait.py first seen with mtime 1683877363.707507
File C:\Users\MALIHP\AppData\Local\Programs\Python\Python311\Lib\site-packages\win32\lib\pywin32_bootstrap.py first seen with mtime 1683877354.029387
File C:\Users\MALIHP\AppData\Local\Programs\Python\Python311\Lib\site-packages\selenium\webdriver\chrome\__init__.py first seen with mtime 1719584370.093711
File C:\Users\MALIHP\AppData\Local\Programs\Python\Python311\Lib\re\__init__.py first seen with mtime 1675778062.0
File C:\Users\MALIHP\AppData\Local\Programs\Python\Python311\Lib\site-packages\django\contrib\sessions\base_session.py first seen with mtime 1702973781.115095
File C:\Users\MALIHP\AppData\Local\Programs\Python\Python311\Lib\site-packages\requests\structures.py first seen with mtime 1683877392.996305
File C:\Users\MALIHP\AppData\Local\Programs\Python\Python311\Lib\bisect.py first seen with mtime 1675778062.0
File C:\Users\MALIHP\AppData\Local\Programs\Python\Python311\Lib\site-packages\django\templatetags\cache.py first seen with mtime 1702973783.5998302
File C:\Users\MALIHP\AppData\Local\Programs\Python\Python311\Lib\site-packages\soupsieve\pretty.py first seen with mtime 1683877367.0116458
File C:\Users\MALIHP\AppData\Local\Programs\Python\Python311\Lib\asyncio\locks.py first seen with mtime 1675778062.0
File C:\Users\MALIHP\AppData\Local\Programs\Python\Python311\Lib\wsgiref\headers.py first seen with mtime 1675778062.0
File C:\Users\MALIHP\AppData\Local\Programs\Python\Python311\Lib\dataclasses.py first seen with mtime 1675778062.0
File C:\Users\MALIHP\AppData\Local\Programs\Python\Python311\Lib\site-packages\django\contrib\auth\password_validation.py first seen with mtime 1702973777.656163
File C:\Users\MALIHP\AppData\Local\Programs\Python\Python311\Lib\site-packages\django\core\checks\registry.py first seen with mtime 1702973783.1310933
File C:\Users\MALIHP\AppData\Local\Programs\Python\Python311\Lib\site-packages\webdriver_manager\drivers\chrome.py first seen with mtime 1722504943.902073
File C:\Users\MALIHP\AppData\Local\Programs\Python\Python311\Lib\site-packages\chardet\universaldetector.py first seen with mtime 1703673218.1777241
File C:\Users\MALIHP\AppData\Local\Programs\Python\Python311\Lib\site-packages\django\db\migrations\loader.py first seen with mtime 1702973783.3342123
File C:\Users\MALIHP\Desktop\simetriburoapp\Simetri\order\urls.py first seen with mtime 1722842861.600443
File C:\Users\MALIHP\AppData\Local\Programs\Python\Python311\Lib\site-packages\websocket\_cookiejar.py first seen with mtime 1719584364.934376
File C:\Users\MALIHP\AppData\Local\Programs\Python\Python311\Lib\site-packages\django\apps\config.py first seen with mtime 1702973775.7654996
File C:\Users\MALIHP\AppData\Local\Programs\Python\Python311\Lib\fractions.py first seen with mtime 1675778062.0
File C:\Users\MALIHP\AppData\Local\Programs\Python\Python311\Lib\xml\dom\minicompat.py first seen with mtime 1675778062.0
File C:\Users\MALIHP\AppData\Local\Programs\Python\Python311\Lib\encodings\cp1254.py first seen with mtime 1675778062.0
File C:\Users\MALIHP\AppData\Local\Programs\Python\Python311\Lib\site-packages\django\contrib\sessions\__init__.py first seen with mtime 1702973781.115095
File C:\Users\MALIHP\AppData\Local\Programs\Python\Python311\Lib\token.py first seen with mtime 1675778062.0
File C:\Users\MALIHP\AppData\Local\Programs\Python\Python311\Lib\site-packages\django\db\models\fields\reverse_related.py first seen with mtime 1702973783.3810866
File C:\Users\MALIHP\AppData\Local\Programs\Python\Python311\Lib\site-packages\django\forms\utils.py first seen with mtime 1702973783.4123366
File C:\Users\MALIHP\AppData\Local\Programs\Python\Python311\Lib\site-packages\selenium\webdriver\wpewebkit\webdriver.py first seen with mtime 1719584370.9510932
File C:\Users\MALIHP\AppData\Local\Programs\Python\Python311\Lib\site-packages\sqlparse\__init__.py first seen with mtime 1702973774.4722037
File C:\Users\MALIHP\AppData\Local\Programs\Python\Python311\Lib\gzip.py first seen with mtime 1675778062.0
File C:\Users\MALIHP\AppData\Local\Programs\Python\Python311\Lib\site-packages\bs4\css.py first seen with mtime 1683877399.3611522
File C:\Users\MALIHP\Desktop\simetriburoapp\Simetri\order\apps.py first seen with mtime 1722349887.6370463
File C:\Users\MALIHP\Desktop\simetriburoapp\Simetri\users\admin.py first seen with mtime 1722349887.7870314
File C:\Users\MALIHP\AppData\Local\Programs\Python\Python311\Lib\importlib\resources\_legacy.py first seen with mtime 1675778062.0
File C:\Users\MALIHP\AppData\Local\Programs\Python\Python311\Lib\site-packages\django\contrib\auth\management\__init__.py first seen with mtime 1702973778.8955674
File C:\Users\MALIHP\AppData\Local\Programs\Python\Python311\Lib\email\message.py first seen with mtime 1675778062.0
File C:\Users\MALIHP\AppData\Local\Programs\Python\Python311\Lib\site-packages\django\core\files\storage\handler.py first seen with mtime 1702973783.1623414
File C:\Users\MALIHP\AppData\Local\Programs\Python\Python311\Lib\site-packages\django\core\checks\translation.py first seen with mtime 1702973783.1310933
File C:\Users\MALIHP\AppData\Local\Programs\Python\Python311\Lib\site-packages\django\core\cache\backends\filebased.py first seen with mtime 1702973783.1154687
File C:\Users\MALIHP\AppData\Local\Programs\Python\Python311\Lib\site-packages\idna\package_data.py first seen with mtime 1683877381.5591106
File C:\Users\MALIHP\AppData\Local\Programs\Python\Python311\Lib\site-packages\django\db\backends\ddl_references.py first seen with mtime 1702973783.2404654
File C:\Users\MALIHP\AppData\Local\Programs\Python\Python311\Lib\site-packages\chardet\gb2312prober.py first seen with mtime 1703673218.1464746
File C:\Users\MALIHP\AppData\Local\Programs\Python\Python311\Lib\xml\dom\__init__.py first seen with mtime 1675778062.0
File C:\Users\MALIHP\AppData\Local\Programs\Python\Python311\Lib\multiprocessing\__init__.py first seen with mtime 1675778062.0
File C:\Users\MALIHP\AppData\Local\Programs\Python\Python311\Lib\_compat_pickle.py first seen with mtime 1675778062.0
File C:\Users\MALIHP\AppData\Local\Programs\Python\Python311\Lib\site-packages\django\contrib\contenttypes\fields.py first seen with mtime 1702973778.9268162
File C:\Users\MALIHP\AppData\Local\Programs\Python\Python311\Lib\site-packages\django\forms\fields.py first seen with mtime 1702973783.4123366
File C:\Users\MALIHP\AppData\Local\Programs\Python\Python311\Lib\inspect.py first seen with mtime 1675778062.0
File C:\Users\MALIHP\AppData\Local\Programs\Python\Python311\Lib\site-packages\selenium\webdriver\remote\script_key.py first seen with mtime 1719584370.8729699
File C:\Users\MALIHP\AppData\Local\Programs\Python\Python311\Lib\site-packages\webdriver_manager\core\constants.py first seen with mtime 1722504943.8957093
File C:\Users\MALIHP\AppData\Local\Programs\Python\Python311\Lib\graphlib.py first seen with mtime 1675778062.0
File C:\Users\MALIHP\AppData\Local\Programs\Python\Python311\Lib\site-packages\django\db\utils.py first seen with mtime 1702973783.2404654
File C:\Users\MALIHP\AppData\Local\Programs\Python\Python311\Lib\importlib\_abc.py first seen with mtime 1675778062.0
File C:\Users\MALIHP\AppData\Local\Programs\Python\Python311\Lib\site-packages\chardet\enums.py first seen with mtime 1703673218.130851
File C:\Users\MALIHP\AppData\Local\Programs\Python\Python311\Lib\site-packages\django\utils\html.py first seen with mtime 1702973783.6467042
File C:\Users\MALIHP\AppData\Local\Programs\Python\Python311\Lib\site-packages\django\contrib\staticfiles\checks.py first seen with mtime 1702973783.0685945
File C:\Users\MALIHP\AppData\Local\Programs\Python\Python311\Lib\site-packages\urllib3\__init__.py first seen with mtime 1683877363.6606383
File C:\Users\MALIHP\AppData\Local\Programs\Python\Python311\Lib\site-packages\urllib3\util\ssl_match_hostname.py first seen with mtime 1683877363.691884
File C:\Users\MALIHP\AppData\Local\Programs\Python\Python311\Lib\site-packages\colorama\__init__.py first seen with mtime 1683877386.4547284
File C:\Users\MALIHP\AppData\Local\Programs\Python\Python311\Lib\site-packages\django\db\backends\base\introspection.py first seen with mtime 1702973783.2560904
File C:\Users\MALIHP\AppData\Local\Programs\Python\Python311\Lib\site-packages\selenium\webdriver\common\keys.py first seen with mtime 1719584370.560483
File C:\Users\MALIHP\AppData\Local\Programs\Python\Python311\Lib\site-packages\asgiref\sync.py first seen with mtime 1702973775.300307
File C:\Users\MALIHP\AppData\Local\Programs\Python\Python311\Lib\site-packages\django\contrib\sessions\exceptions.py first seen with mtime 1702973781.115095
File C:\Users\MALIHP\AppData\Local\Programs\Python\Python311\Lib\site-packages\sqlparse\exceptions.py first seen with mtime 1702973774.4722037
File C:\Users\MALIHP\AppData\Local\Programs\Python\Python311\Lib\site-packages\charset_normalizer\models.py first seen with mtime 1683877386.8298016
File C:\Users\MALIHP\AppData\Local\Programs\Python\Python311\Lib\site-packages\django\conf\global_settings.py first seen with mtime 1702973775.7811232
File C:\Users\MALIHP\AppData\Local\Programs\Python\Python311\Lib\site-packages\django\db\backends\base\operations.py first seen with mtime 1702973783.2560904
File C:\Users\MALIHP\AppData\Local\Programs\Python\Python311\DLLs\_sqlite3.pyd first seen with mtime 1675778102.0
File C:\Users\MALIHP\AppData\Local\Programs\Python\Python311\Lib\site-packages\django\db\transaction.py first seen with mtime 1702973783.2404654
File C:\Users\MALIHP\AppData\Local\Programs\Python\Python311\Lib\site-packages\selenium\webdriver\webkitgtk\options.py first seen with mtime 1719584370.9354682
File C:\Users\MALIHP\AppData\Local\Programs\Python\Python311\Lib\site-packages\selenium\webdriver\wpewebkit\service.py first seen with mtime 1719584370.9510932
File C:\Users\MALIHP\AppData\Local\Programs\Python\Python311\Lib\multiprocessing\process.py first seen with mtime 1675778062.0
File C:\Users\MALIHP\AppData\Local\Programs\Python\Python311\Lib\site-packages\django\core\checks\model_checks.py first seen with mtime 1702973783.1310933
File C:\Users\MALIHP\AppData\Local\Programs\Python\Python311\Lib\site-packages\django\db\migrations\operations\__init__.py first seen with mtime 1702973783.3342123
File C:\Users\MALIHP\AppData\Local\Programs\Python\Python311\Lib\site-packages\django\db\models\enums.py first seen with mtime 1702973783.3498368
File C:\Users\MALIHP\AppData\Local\Programs\Python\Python311\Lib\site-packages\django\middleware\common.py first seen with mtime 1702973783.5529573
File C:\Users\MALIHP\AppData\Local\Programs\Python\Python311\Lib\email\parser.py first seen with mtime 1675778062.0
File C:\Users\MALIHP\AppData\Local\Programs\Python\Python311\Lib\asyncio\staggered.py first seen with mtime 1675778062.0
File C:\Users\MALIHP\AppData\Local\Programs\Python\Python311\Lib\site-packages\django\contrib\admin\apps.py first seen with mtime 1702973776.406106
File C:\Users\MALIHP\AppData\Local\Programs\Python\Python311\Lib\site-packages\selenium\webdriver\common\actions\interaction.py first seen with mtime 1719584370.1093364
File C:\Users\MALIHP\AppData\Local\Programs\Python\Python311\Lib\site-packages\django\utils\safestring.py first seen with mtime 1702973783.6623294
File C:\Users\MALIHP\AppData\Local\Programs\Python\Python311\Lib\logging\config.py first seen with mtime 1675778062.0
File C:\Users\MALIHP\AppData\Local\Programs\Python\Python311\Lib\site-packages\selenium\webdriver\chrome\options.py first seen with mtime 1719584370.093711
File C:\Users\MALIHP\AppData\Local\Programs\Python\Python311\Lib\site-packages\django\core\cache\backends\base.py first seen with mtime 1702973783.1154687
File C:\Users\MALIHP\AppData\Local\Programs\Python\Python311\Lib\site-packages\selenium\webdriver\common\desired_capabilities.py first seen with mtime 1719584370.1562097
File C:\Users\MALIHP\AppData\Local\Programs\Python\Python311\Lib\site-packages\django\contrib\sites\shortcuts.py first seen with mtime 1702973781.5369587
File C:\Users\MALIHP\AppData\Local\Programs\Python\Python311\Lib\site-packages\django\core\mail\utils.py first seen with mtime 1702973783.1779668
File C:\Users\MALIHP\AppData\Local\Programs\Python\Python311\Lib\textwrap.py first seen with mtime 1675778062.0
File C:\Users\MALIHP\AppData\Local\Programs\Python\Python311\Lib\site-packages\sqlparse\cli.py first seen with mtime 1702973774.4722037
File C:\Users\MALIHP\AppData\Local\Programs\Python\Python311\Lib\site-packages\django\db\models\fields\json.py first seen with mtime 1702973783.3810866
File C:\Users\MALIHP\AppData\Local\Programs\Python\Python311\Lib\site-packages\django\core\files\storage\memory.py first seen with mtime 1702973783.1623414
File C:\Users\MALIHP\AppData\Local\Programs\Python\Python311\Lib\site-packages\django\dispatch\__init__.py first seen with mtime 1702973783.4123366
File C:\Users\MALIHP\AppData\Local\Programs\Python\Python311\Lib\site-packages\asgiref\current_thread_executor.py first seen with mtime 1702973775.300307
File C:\Users\MALIHP\AppData\Local\Programs\Python\Python311\Lib\locale.py first seen with mtime 1675778062.0
File C:\Users\MALIHP\AppData\Local\Programs\Python\Python311\Lib\email\header.py first seen with mtime 1675778062.0
File C:\Users\MALIHP\AppData\Local\Programs\Python\Python311\Lib\site-packages\selenium\webdriver\wpewebkit\options.py first seen with mtime 1719584370.9510932
File C:\Users\MALIHP\AppData\Local\Programs\Python\Python311\Lib\site-packages\django\core\servers\basehttp.py first seen with mtime 1702973783.2404654
File C:\Users\MALIHP\AppData\Local\Programs\Python\Python311\Lib\site-packages\urllib3\exceptions.py first seen with mtime 1683877363.6762593
File C:\Users\MALIHP\AppData\Local\Programs\Python\Python311\Lib\site-packages\urllib3\connection.py first seen with mtime 1683877363.6606383
File C:\Users\MALIHP\AppData\Local\Programs\Python\Python311\Lib\site-packages\django\core\files\move.py first seen with mtime 1702973783.146717
File C:\Users\MALIHP\AppData\Local\Programs\Python\Python311\Lib\site-packages\packaging\version.py first seen with mtime 1683877380.7310097
File C:\Users\MALIHP\AppData\Local\Programs\Python\Python311\Lib\site-packages\django\contrib\auth\__init__.py first seen with mtime 1702973777.6405375
File C:\Users\MALIHP\AppData\Local\Programs\Python\Python311\Lib\asyncio\__init__.py first seen with mtime 1675778062.0
File C:\Users\MALIHP\AppData\Local\Programs\Python\Python311\Lib\ctypes\_endian.py first seen with mtime 1675778062.0
File C:\Users\MALIHP\AppData\Local\Programs\Python\Python311\Lib\html\entities.py first seen with mtime 1675778062.0
File C:\Users\MALIHP\AppData\Local\Programs\Python\Python311\Lib\site-packages\django\middleware\security.py first seen with mtime 1702973783.5529573
File C:\Users\MALIHP\AppData\Local\Programs\Python\Python311\Lib\site-packages\django\core\files\locks.py first seen with mtime 1702973783.146717
File C:\Users\MALIHP\AppData\Local\Programs\Python\Python311\Lib\concurrent\__init__.py first seen with mtime 1675778062.0
File C:\Users\MALIHP\AppData\Local\Programs\Python\Python311\Lib\site-packages\django\urls\__init__.py first seen with mtime 1702973783.6154563
File C:\Users\MALIHP\AppData\Local\Programs\Python\Python311\Lib\site-packages\django\contrib\auth\base_user.py first seen with mtime 1702973777.6405375
File C:\Users\MALIHP\AppData\Local\Programs\Python\Python311\Lib\operator.py first seen with mtime 1675778062.0
File C:\Users\MALIHP\AppData\Local\Programs\Python\Python311\Lib\site-packages\selenium\webdriver\ie\webdriver.py first seen with mtime 1719584370.810475
File C:\Users\MALIHP\AppData\Local\Programs\Python\Python311\Lib\site-packages\sqlparse\formatter.py first seen with mtime 1702973774.4722037
File C:\Users\MALIHP\AppData\Local\Programs\Python\Python311\Lib\site-packages\django\__init__.py first seen with mtime 1702973775.7654996
File C:\Users\MALIHP\AppData\Local\Programs\Python\Python311\Lib\site-packages\django\contrib\admin\views\__init__.py first seen with mtime 1702973777.3280456
File C:\Users\MALIHP\AppData\Local\Programs\Python\Python311\Lib\quopri.py first seen with mtime 1675778062.0
File C:\Users\MALIHP\AppData\Local\Programs\Python\Python311\Lib\site-packages\django\forms\boundfield.py first seen with mtime 1702973783.4123366
File C:\Users\MALIHP\AppData\Local\Programs\Python\Python311\Lib\site-packages\dotenv\main.py first seen with mtime 1719584421.5437849
File C:\Users\MALIHP\AppData\Local\Programs\Python\Python311\Lib\logging\handlers.py first seen with mtime 1675778062.0
File C:\Users\MALIHP\AppData\Local\Programs\Python\Python311\Lib\site-packages\django\core\handlers\asgi.py first seen with mtime 1702973783.1623414
File C:\Users\MALIHP\AppData\Local\Programs\Python\Python311\Lib\urllib\parse.py first seen with mtime 1675778062.0
File C:\Users\MALIHP\Desktop\simetriburoapp\Simetri\order\models.py first seen with mtime 1722850270.527504
File C:\Users\MALIHP\AppData\Local\Programs\Python\Python311\Lib\site-packages\django\views\decorators\debug.py first seen with mtime 1702973783.6935785
File C:\Users\MALIHP\AppData\Local\Programs\Python\Python311\Lib\site-packages\django\views\decorators\csrf.py first seen with mtime 1702973783.6935785
File C:\Users\MALIHP\AppData\Local\Programs\Python\Python311\Lib\site-packages\django\core\handlers\base.py first seen with mtime 1702973783.1623414
File C:\Users\MALIHP\AppData\Local\Programs\Python\Python311\Lib\site-packages\sqlparse\filters\aligned_indent.py first seen with mtime 1702973774.4878292
File C:\Users\MALIHP\AppData\Local\Programs\Python\Python311\Lib\site-packages\django\template\smartif.py first seen with mtime 1702973783.584206
File C:\Users\MALIHP\AppData\Local\Programs\Python\Python311\Lib\site-packages\django\db\backends\base\features.py first seen with mtime 1702973783.2560904
File C:\Users\MALIHP\AppData\Local\Programs\Python\Python311\Lib\ctypes\wintypes.py first seen with mtime 1675778062.0
File C:\Users\MALIHP\AppData\Local\Programs\Python\Python311\Lib\site-packages\django\contrib\staticfiles\views.py first seen with mtime 1702973783.0842185
File C:\Users\MALIHP\AppData\Local\Programs\Python\Python311\Lib\opcode.py first seen with mtime 1675778062.0
File C:\Users\MALIHP\AppData\Local\Programs\Python\Python311\Lib\site-packages\django\core\cache\utils.py first seen with mtime 1702973783.1154687
File C:\Users\MALIHP\AppData\Local\Programs\Python\Python311\Lib\site-packages\django\forms\widgets.py first seen with mtime 1702973783.4279604
File C:\Users\MALIHP\AppData\Local\Programs\Python\Python311\Lib\site-packages\soupsieve\css_types.py first seen with mtime 1683877367.0116458
File C:\Users\MALIHP\AppData\Local\Programs\Python\Python311\Lib\site-packages\chardet\euctwfreq.py first seen with mtime 1703673218.1464746
File C:\Users\MALIHP\AppData\Local\Programs\Python\Python311\Lib\gettext.py first seen with mtime 1675778062.0
File C:\Users\MALIHP\AppData\Local\Programs\Python\Python311\Lib\site-packages\chardet\charsetprober.py first seen with mtime 1703673218.130851
File C:\Users\MALIHP\AppData\Local\Programs\Python\Python311\Lib\site-packages\selenium\webdriver\common\timeouts.py first seen with mtime 1719584370.6698532
File C:\Users\MALIHP\AppData\Local\Programs\Python\Python311\Lib\site-packages\selenium\webdriver\remote\command.py first seen with mtime 1719584370.8260968
File C:\Users\MALIHP\AppData\Local\Programs\Python\Python311\Lib\site-packages\webdriver_manager\core\file_manager.py first seen with mtime 1722504943.902073
File C:\Users\MALIHP\AppData\Local\Programs\Python\Python311\Lib\site-packages\socks.py first seen with mtime 1719584365.637536
File C:\Users\MALIHP\AppData\Local\Programs\Python\Python311\Lib\asyncio\runners.py first seen with mtime 1675778062.0
File C:\Users\MALIHP\AppData\Local\Programs\Python\Python311\Lib\site-packages\urllib3\util\response.py first seen with mtime 1683877363.691884
File C:\Users\MALIHP\AppData\Local\Programs\Python\Python311\Lib\site-packages\selenium\webdriver\support\__init__.py first seen with mtime 1719584370.90422
File C:\Users\MALIHP\AppData\Local\Programs\Python\Python311\Lib\json\decoder.py first seen with mtime 1675778062.0
File C:\Users\MALIHP\AppData\Local\Programs\Python\Python311\Lib\site-packages\chardet\version.py first seen with mtime 1703673218.1777241
File C:\Users\MALIHP\AppData\Local\Programs\Python\Python311\Lib\asyncio\exceptions.py first seen with mtime 1675778062.0
File C:\Users\MALIHP\AppData\Local\Programs\Python\Python311\Lib\site-packages\django\contrib\admin\checks.py first seen with mtime 1702973776.406106
File C:\Users\MALIHP\AppData\Local\Programs\Python\Python311\Lib\site-packages\django\core\checks\database.py first seen with mtime 1702973783.1154687
File C:\Users\MALIHP\AppData\Local\Programs\Python\Python311\Lib\site-packages\selenium\webdriver\remote\__init__.py first seen with mtime 1719584370.810475
File C:\Users\MALIHP\AppData\Local\Programs\Python\Python311\Lib\importlib\resources\__init__.py first seen with mtime 1675778062.0
File C:\Users\MALIHP\AppData\Local\Programs\Python\Python311\Lib\site-packages\django\urls\exceptions.py first seen with mtime 1702973783.6154563
File C:\Users\MALIHP\AppData\Local\Programs\Python\Python311\Lib\site-packages\django\db\models\functions\datetime.py first seen with mtime 1702973783.3810866
File C:\Users\MALIHP\AppData\Local\Programs\Python\Python311\Lib\site-packages\django\db\backends\sqlite3\base.py first seen with mtime 1702973783.3029642
File C:\Users\MALIHP\AppData\Local\Programs\Python\Python311\Lib\site-packages\packaging\__init__.py first seen with mtime 1683877380.6997736
File C:\Users\MALIHP\AppData\Local\Programs\Python\Python311\Lib\site-packages\webdriver_manager\core\driver.py first seen with mtime 1722504943.8957093
File C:\Users\MALIHP\Desktop\simetriburoapp\Simetri\users\__init__.py first seen with mtime 1722349887.777032
File C:\Users\MALIHP\AppData\Local\Programs\Python\Python311\Lib\site-packages\django\utils\module_loading.py first seen with mtime 1702973783.6623294
File C:\Users\MALIHP\AppData\Local\Programs\Python\Python311\Lib\site-packages\django\core\handlers\wsgi.py first seen with mtime 1702973783.1623414
File C:\Users\MALIHP\AppData\Local\Programs\Python\Python311\Lib\site-packages\urllib3\util\retry.py first seen with mtime 1683877363.691884
File C:\Users\MALIHP\AppData\Local\Programs\Python\Python311\Lib\site-packages\django\contrib\admin\sites.py first seen with mtime 1702973776.421731
File C:\Users\MALIHP\AppData\Local\Programs\Python\Python311\Lib\site-packages\selenium\webdriver\ie\service.py first seen with mtime 1719584370.810475
File C:\Users\MALIHP\AppData\Local\Programs\Python\Python311\Lib\json\__init__.py first seen with mtime 1675778062.0
File C:\Users\MALIHP\AppData\Local\Programs\Python\Python311\Lib\site-packages\django\views\defaults.py first seen with mtime 1702973783.6935785
File C:\Users\MALIHP\Desktop\simetriburoapp\Simetri\order\admin.py first seen with mtime 1722853160.0569963
File C:\Users\MALIHP\AppData\Local\Programs\Python\Python311\Lib\site-packages\requests\cookies.py first seen with mtime 1683877392.996305
File C:\Users\MALIHP\AppData\Local\Programs\Python\Python311\Lib\asyncio\base_events.py first seen with mtime 1675778062.0
File C:\Users\MALIHP\AppData\Local\Programs\Python\Python311\Lib\site-packages\django\core\files\temp.py first seen with mtime 1702973783.146717
File C:\Users\MALIHP\AppData\Local\Programs\Python\Python311\Lib\site-packages\selenium\webdriver\__init__.py first seen with mtime 1719584370.0780895
File C:\Users\MALIHP\AppData\Local\Programs\Python\Python311\Lib\site-packages\chardet\jpcntx.py first seen with mtime 1703673218.1620998
File C:\Users\MALIHP\AppData\Local\Programs\Python\Python311\Lib\site-packages\selenium\webdriver\firefox\__init__.py first seen with mtime 1719584370.7636006
File C:\Users\MALIHP\AppData\Local\Programs\Python\Python311\Lib\site-packages\django\core\management\__init__.py first seen with mtime 1702973783.1779668
File C:\Users\MALIHP\AppData\Local\Programs\Python\Python311\Lib\site-packages\selenium\webdriver\firefox\remote_connection.py first seen with mtime 1719584370.810475
File C:\Users\MALIHP\AppData\Local\Programs\Python\Python311\Lib\site-packages\selenium\webdriver\common\actions\pointer_actions.py first seen with mtime 1719584370.124961
File C:\Users\MALIHP\AppData\Local\Programs\Python\Python311\Lib\site-packages\django\db\models\fields\related_descriptors.py first seen with mtime 1702973783.3810866
File C:\Users\MALIHP\AppData\Local\Programs\Python\Python311\Lib\tokenize.py first seen with mtime 1675778062.0
File C:\Users\MALIHP\AppData\Local\Programs\Python\Python311\Lib\site-packages\django\utils\text.py first seen with mtime 1702973783.6623294
File C:\Users\MALIHP\AppData\Local\Programs\Python\Python311\Lib\encodings\idna.py first seen with mtime 1675778062.0
File C:\Users\MALIHP\AppData\Local\Programs\Python\Python311\Lib\site-packages\django\contrib\messages\utils.py first seen with mtime 1702973780.4892764
File C:\Users\MALIHP\AppData\Local\Programs\Python\Python311\Lib\site-packages\chardet\resultdict.py first seen with mtime 1703673218.1777241
File C:\Users\MALIHP\AppData\Local\Programs\Python\Python311\Lib\site-packages\django\dispatch\dispatcher.py first seen with mtime 1702973783.4123366
File C:\Users\MALIHP\AppData\Local\Programs\Python\Python311\DLLs\_bz2.pyd first seen with mtime 1675778102.0
File C:\Users\MALIHP\AppData\Local\Programs\Python\Python311\Lib\site-packages\django\utils\__init__.py first seen with mtime 1702973783.63108
File C:\Users\MALIHP\AppData\Local\Programs\Python\Python311\Lib\site-packages\dotenv\variables.py first seen with mtime 1719584421.5486085
File C:\Users\MALIHP\AppData\Local\Programs\Python\Python311\Lib\site-packages\selenium\__init__.py first seen with mtime 1719584370.0780895
File C:\Users\MALIHP\AppData\Local\Programs\Python\Python311\Lib\sysconfig.py first seen with mtime 1675778062.0
File C:\Users\MALIHP\AppData\Local\Programs\Python\Python311\Lib\site-packages\chardet\sbcsgroupprober.py first seen with mtime 1703673218.1777241
File C:\Users\MALIHP\AppData\Local\Programs\Python\Python311\Lib\site-packages\django\contrib\admin\models.py first seen with mtime 1702973776.421731
File C:\Users\MALIHP\AppData\Local\Programs\Python\Python311\Lib\html\parser.py first seen with mtime 1675778062.0
File C:\Users\MALIHP\AppData\Local\Programs\Python\Python311\Lib\site-packages\django\db\backends\base\creation.py first seen with mtime 1702973783.2560904
File C:\Users\MALIHP\AppData\Local\Programs\Python\Python311\Lib\email\_policybase.py first seen with mtime 1675778062.0
File C:\Users\MALIHP\AppData\Local\Programs\Python\Python311\Lib\site-packages\bs4\dammit.py first seen with mtime 1683877399.3611522
File C:\Users\MALIHP\AppData\Local\Programs\Python\Python311\Lib\site-packages\django\core\files\storage\__init__.py first seen with mtime 1702973783.146717
File C:\Users\MALIHP\AppData\Local\Programs\Python\Python311\Lib\site-packages\django\db\models\fields\related_lookups.py first seen with mtime 1702973783.3810866
File C:\Users\MALIHP\AppData\Local\Programs\Python\Python311\Lib\typing.py first seen with mtime 1675778062.0
File C:\Users\MALIHP\AppData\Local\Programs\Python\Python311\Lib\site-packages\django\views\i18n.py first seen with mtime 1702973783.6935785
File C:\Users\MALIHP\AppData\Local\Programs\Python\Python311\Lib\site-packages\django\contrib\messages\storage\__init__.py first seen with mtime 1702973780.4892764
File C:\Users\MALIHP\AppData\Local\Programs\Python\Python311\Lib\fnmatch.py first seen with mtime 1675778062.0
File C:\Users\MALIHP\AppData\Local\Programs\Python\Python311\Lib\site-packages\charset_normalizer\version.py first seen with mtime 1683877386.8298016
File C:\Users\MALIHP\AppData\Local\Programs\Python\Python311\Lib\site-packages\django\contrib\auth\forms.py first seen with mtime 1702973777.6405375
File C:\Users\MALIHP\AppData\Local\Programs\Python\Python311\Lib\site-packages\idna\core.py first seen with mtime 1683877381.5591106
File C:\Users\MALIHP\AppData\Local\Programs\Python\Python311\Lib\site-packages\selenium\webdriver\common\actions\mouse_button.py first seen with mtime 1719584370.124961
File C:\Users\MALIHP\AppData\Local\Programs\Python\Python311\Lib\site-packages\sqlparse\filters\output.py first seen with mtime 1702973774.4878292
File C:\Users\MALIHP\AppData\Local\Programs\Python\Python311\Lib\site-packages\selenium\webdriver\remote\bidi_connection.py first seen with mtime 1719584370.8260968
File C:\Users\MALIHP\AppData\Local\Programs\Python\Python311\Lib\site-packages\django\contrib\sessions\middleware.py first seen with mtime 1702973781.115095
File C:\Users\MALIHP\AppData\Local\Programs\Python\Python311\Lib\site-packages\django\core\handlers\exception.py first seen with mtime 1702973783.1623414
File C:\Users\MALIHP\AppData\Local\Programs\Python\Python311\Lib\site-packages\idna\idnadata.py first seen with mtime 1683877381.5591106
File C:\Users\MALIHP\AppData\Local\Programs\Python\Python311\Lib\multiprocessing\reduction.py first seen with mtime 1675778062.0
File C:\Users\MALIHP\AppData\Local\Programs\Python\Python311\Lib\site-packages\requests\auth.py first seen with mtime 1683877392.9806807
File C:\Users\MALIHP\AppData\Local\Programs\Python\Python311\Lib\site-packages\bs4\builder\__init__.py first seen with mtime 1683877399.3611522
File C:\Users\MALIHP\AppData\Local\Programs\Python\Python311\Lib\site-packages\chardet\__init__.py first seen with mtime 1703673218.115226
File C:\Users\MALIHP\AppData\Local\Programs\Python\Python311\Lib\email\__init__.py first seen with mtime 1675778062.0
File C:\Users\MALIHP\AppData\Local\Programs\Python\Python311\Lib\site-packages\charset_normalizer\legacy.py first seen with mtime 1683877386.8141892
File C:\Users\MALIHP\AppData\Local\Programs\Python\Python311\Lib\site-packages\django\utils\timesince.py first seen with mtime 1702973783.677954
File C:\Users\MALIHP\AppData\Local\Programs\Python\Python311\Lib\site-packages\django\core\files\storage\filesystem.py first seen with mtime 1702973783.1623414
File C:\Users\MALIHP\AppData\Local\Programs\Python\Python311\Lib\site-packages\colorama\initialise.py first seen with mtime 1683877386.4547284
File C:\Users\MALIHP\AppData\Local\Programs\Python\Python311\Lib\site-packages\django\core\files\__init__.py first seen with mtime 1702973783.146717
File C:\Users\MALIHP\AppData\Local\Programs\Python\Python311\Lib\site-packages\urllib3\contrib\__init__.py first seen with mtime 1683877363.6762593
File C:\Users\MALIHP\AppData\Local\Programs\Python\Python311\DLLs\_socket.pyd first seen with mtime 1675778102.0
File C:\Users\MALIHP\AppData\Local\Programs\Python\Python311\Lib\site-packages\selenium\webdriver\safari\service.py first seen with mtime 1719584370.90422
File C:\Users\MALIHP\AppData\Local\Programs\Python\Python311\Lib\site-packages\django\utils\formats.py first seen with mtime 1702973783.6467042
File C:\Users\MALIHP\AppData\Local\Programs\Python\Python311\Lib\site-packages\websocket\_abnf.py first seen with mtime 1719584364.9307642
File C:\Users\MALIHP\AppData\Local\Programs\Python\Python311\Lib\site-packages\selenium\webdriver\common\actions\input_device.py first seen with mtime 1719584370.1093364
File C:\Users\MALIHP\AppData\Local\Programs\Python\Python311\Lib\site-packages\django\contrib\contenttypes\views.py first seen with mtime 1702973778.9268162
File C:\Users\MALIHP\AppData\Local\Programs\Python\Python311\Lib\site-packages\django\utils\connection.py first seen with mtime 1702973783.63108
File C:\Users\MALIHP\AppData\Local\Programs\Python\Python311\Lib\importlib\resources\_common.py first seen with mtime 1675778062.0
File C:\Users\MALIHP\AppData\Local\Programs\Python\Python311\Lib\site-packages\selenium\webdriver\support\relative_locator.py first seen with mtime 1719584370.9354682
File C:\Users\MALIHP\AppData\Local\Programs\Python\Python311\Lib\site-packages\django\utils\tree.py first seen with mtime 1702973783.677954
File C:\Users\MALIHP\AppData\Local\Programs\Python\Python311\Lib\site-packages\django\db\models\functions\window.py first seen with mtime 1702973783.3967113
File C:\Users\MALIHP\AppData\Local\Programs\Python\Python311\Lib\enum.py first seen with mtime 1675778062.0
File C:\Users\MALIHP\AppData\Local\Programs\Python\Python311\Lib\site-packages\chardet\escsm.py first seen with mtime 1703673218.1464746
File C:\Users\MALIHP\AppData\Local\Programs\Python\Python311\Lib\email\mime\message.py first seen with mtime 1675778062.0
File C:\Users\MALIHP\AppData\Local\Programs\Python\Python311\Lib\site-packages\requests\certs.py first seen with mtime 1683877392.9806807
File C:\Users\MALIHP\AppData\Local\Programs\Python\Python311\Lib\email\contentmanager.py first seen with mtime 1675778062.0
File C:\Users\MALIHP\AppData\Local\Programs\Python\Python311\Lib\pickle.py first seen with mtime 1675778062.0
File C:\Users\MALIHP\AppData\Local\Programs\Python\Python311\Lib\site-packages\django\middleware\csrf.py first seen with mtime 1702973783.5529573
File C:\Users\MALIHP\AppData\Local\Programs\Python\Python311\Lib\site-packages\django\db\models\__init__.py first seen with mtime 1702973783.3498368
File C:\Users\MALIHP\AppData\Local\Programs\Python\Python311\Lib\statistics.py first seen with mtime 1675778062.0
File C:\Users\MALIHP\AppData\Local\Programs\Python\Python311\Lib\site-packages\chardet\chardistribution.py first seen with mtime 1703673218.130851
File C:\Users\MALIHP\AppData\Local\Programs\Python\Python311\Lib\site-packages\chardet\langturkishmodel.py first seen with mtime 1703673218.1620998
File C:\Users\MALIHP\AppData\Local\Programs\Python\Python311\Lib\site-packages\django\utils\inspect.py first seen with mtime 1702973783.6467042
File C:\Users\MALIHP\AppData\Local\Programs\Python\Python311\Lib\site-packages\chardet\hebrewprober.py first seen with mtime 1703673218.1464746
File C:\Users\MALIHP\AppData\Local\Programs\Python\Python311\Lib\site-packages\django\template\loaders\cached.py first seen with mtime 1702973783.584206
File C:\Users\MALIHP\AppData\Local\Programs\Python\Python311\Lib\site-packages\django\contrib\messages\apps.py first seen with mtime 1702973780.4892764
File C:\Users\MALIHP\AppData\Local\Programs\Python\Python311\Lib\difflib.py first seen with mtime 1675778062.0
File C:\Users\MALIHP\AppData\Local\Programs\Python\Python311\Lib\site-packages\chardet\latin1prober.py first seen with mtime 1703673218.1620998
File C:\Users\MALIHP\AppData\Local\Programs\Python\Python311\Lib\site-packages\django\utils\duration.py first seen with mtime 1702973783.6467042
File C:\Users\MALIHP\AppData\Local\Programs\Python\Python311\Lib\site-packages\django\core\checks\security\base.py first seen with mtime 1702973783.1310933
File C:\Users\MALIHP\AppData\Local\Programs\Python\Python311\Lib\site-packages\django\utils\regex_helper.py first seen with mtime 1702973783.6623294
File C:\Users\MALIHP\AppData\Local\Programs\Python\Python311\Lib\site-packages\django\contrib\messages\constants.py first seen with mtime 1702973780.4892764
File C:\Users\MALIHP\AppData\Local\Programs\Python\Python311\Lib\site-packages\requests\compat.py first seen with mtime 1683877392.9806807
File C:\Users\MALIHP\AppData\Local\Programs\Python\Python311\Lib\site-packages\selenium\types.py first seen with mtime 1719584370.0780895
File C:\Users\MALIHP\AppData\Local\Programs\Python\Python311\Lib\site-packages\chardet\codingstatemachinedict.py first seen with mtime 1703673218.130851
File C:\Users\MALIHP\AppData\Local\Programs\Python\Python311\Lib\collections\abc.py first seen with mtime 1675778062.0
File C:\Users\MALIHP\AppData\Local\Programs\Python\Python311\Lib\site-packages\django\contrib\sessions\backends\__init__.py first seen with mtime 1702973781.1307192
File C:\Users\MALIHP\AppData\Local\Programs\Python\Python311\Lib\site-packages\sqlparse\filters\tokens.py first seen with mtime 1702973774.5034535
File C:\Users\MALIHP\AppData\Local\Programs\Python\Python311\Lib\site-packages\certifi\core.py first seen with mtime 1683877387.1174688
File C:\Users\MALIHP\AppData\Local\Programs\Python\Python311\Lib\shutil.py first seen with mtime 1675778062.0
File C:\Users\MALIHP\AppData\Local\Programs\Python\Python311\Lib\site-packages\django\utils\log.py first seen with mtime 1702973783.6623294
File C:\Users\MALIHP\AppData\Local\Programs\Python\Python311\Lib\site-packages\django\utils\cache.py first seen with mtime 1702973783.63108
File C:\Users\MALIHP\AppData\Local\Programs\Python\Python311\Lib\site-packages\charset_normalizer\__init__.py first seen with mtime 1683877386.8141892
File C:\Users\MALIHP\AppData\Local\Programs\Python\Python311\Lib\site-packages\selenium\webdriver\support\ui.py first seen with mtime 1719584370.9354682
File C:\Users\MALIHP\AppData\Local\Programs\Python\Python311\DLLs\_zoneinfo.pyd first seen with mtime 1675778102.0
File C:\Users\MALIHP\AppData\Local\Programs\Python\Python311\Lib\site-packages\django\conf\__init__.py first seen with mtime 1702973775.7811232
File C:\Users\MALIHP\AppData\Local\Programs\Python\Python311\Lib\site-packages\selenium\webdriver\chromium\__init__.py first seen with mtime 1719584370.093711
File C:\Users\MALIHP\AppData\Local\Programs\Python\Python311\Lib\site-packages\selenium\webdriver\chromium\remote_connection.py first seen with mtime 1719584370.093711
File C:\Users\MALIHP\AppData\Local\Programs\Python\Python311\Lib\http\__init__.py first seen with mtime 1675778062.0
File C:\Users\MALIHP\AppData\Local\Programs\Python\Python311\Lib\email\mime\nonmultipart.py first seen with mtime 1675778062.0
File C:\Users\MALIHP\AppData\Local\Programs\Python\Python311\Lib\xml\dom\NodeFilter.py first seen with mtime 1675778062.0
File C:\Users\MALIHP\AppData\Local\Programs\Python\Python311\Lib\site-packages\django\utils\dates.py first seen with mtime 1702973783.63108
File C:\Users\MALIHP\AppData\Local\Programs\Python\Python311\Lib\site-packages\django\core\checks\caches.py first seen with mtime 1702973783.1154687
File C:\Users\MALIHP\AppData\Local\Programs\Python\Python311\Lib\site-packages\chardet\utf8prober.py first seen with mtime 1703673218.1777241
File C:\Users\MALIHP\AppData\Local\Programs\Python\Python311\Lib\site-packages\selenium\webdriver\common\actions\pointer_input.py first seen with mtime 1719584370.124961
File C:\Users\MALIHP\AppData\Local\Programs\Python\Python311\Lib\site-packages\selenium\webdriver\common\action_chains.py first seen with mtime 1719584370.1093364
File C:\Users\MALIHP\AppData\Local\Programs\Python\Python311\Lib\site-packages\selenium\webdriver\firefox\options.py first seen with mtime 1719584370.779225
File C:\Users\MALIHP\AppData\Local\Programs\Python\Python311\Lib\site-packages\sqlparse\utils.py first seen with mtime 1702973774.4878292
File C:\Users\MALIHP\AppData\Local\Programs\Python\Python311\Lib\site-packages\django\core\checks\templates.py first seen with mtime 1702973783.1310933
File C:\Users\MALIHP\AppData\Local\Programs\Python\Python311\Lib\site-packages\selenium\webdriver\common\by.py first seen with mtime 1719584370.1562097
File C:\Users\MALIHP\AppData\Local\Programs\Python\Python311\Lib\hashlib.py first seen with mtime 1675778062.0
File C:\Users\MALIHP\AppData\Local\Programs\Python\Python311\Lib\email\base64mime.py first seen with mtime 1675778062.0
File C:\Users\MALIHP\AppData\Local\Programs\Python\Python311\Lib\site-packages\django\templatetags\i18n.py first seen with mtime 1702973783.5998302
File C:\Users\MALIHP\AppData\Local\Programs\Python\Python311\Lib\site-packages\selenium\webdriver\webkitgtk\webdriver.py first seen with mtime 1719584370.9354682
File C:\Users\MALIHP\AppData\Local\Programs\Python\Python311\Lib\site-packages\django\contrib\staticfiles\__init__.py first seen with mtime 1702973783.0685945
File C:\Users\MALIHP\AppData\Local\Programs\Python\Python311\Lib\http\client.py first seen with mtime 1675778062.0
File C:\Users\MALIHP\AppData\Local\Programs\Python\Python311\Lib\site-packages\webdriver_manager\core\os_manager.py first seen with mtime 1722504943.902073
File C:\Users\MALIHP\AppData\Local\Programs\Python\Python311\Lib\site-packages\selenium\webdriver\common\selenium_manager.py first seen with mtime 1719584370.654232
File C:\Users\MALIHP\AppData\Local\Programs\Python\Python311\Lib\site-packages\requests\models.py first seen with mtime 1683877392.996305
File C:\Users\MALIHP\AppData\Local\Programs\Python\Python311\Lib\asyncio\tasks.py first seen with mtime 1675778062.0
File C:\Users\MALIHP\AppData\Local\Programs\Python\Python311\Lib\nturl2path.py first seen with mtime 1675778062.0
File C:\Users\MALIHP\AppData\Local\Programs\Python\Python311\Lib\site-packages\django\http\request.py first seen with mtime 1702973783.5373318
File C:\Users\MALIHP\AppData\Local\Programs\Python\Python311\Lib\site-packages\selenium\webdriver\chrome\webdriver.py first seen with mtime 1719584370.093711
File C:\Users\MALIHP\AppData\Local\Programs\Python\Python311\Lib\site-packages\selenium\webdriver\support\select.py first seen with mtime 1719584370.9354682
File C:\Users\MALIHP\AppData\Local\Programs\Python\Python311\Lib\site-packages\websocket\_app.py first seen with mtime 1719584364.9327638
File C:\Users\MALIHP\AppData\Local\Programs\Python\Python311\Lib\site-packages\django\contrib\admin\actions.py first seen with mtime 1702973776.406106
File C:\Users\MALIHP\AppData\Local\Programs\Python\Python311\Lib\site-packages\django\db\migrations\operations\base.py first seen with mtime 1702973783.3342123
File C:\Users\MALIHP\AppData\Local\Programs\Python\Python311\Lib\threading.py first seen with mtime 1675778062.0
File C:\Users\MALIHP\AppData\Local\Programs\Python\Python311\Lib\site-packages\django\contrib\auth\middleware.py first seen with mtime 1702973777.656163
File C:\Users\MALIHP\AppData\Local\Programs\Python\Python311\Lib\site-packages\django\db\backends\signals.py first seen with mtime 1702973783.2404654
File C:\Users\MALIHP\AppData\Local\Programs\Python\Python311\Lib\pkgutil.py first seen with mtime 1675778062.0
File C:\Users\MALIHP\AppData\Local\Programs\Python\Python311\Lib\site-packages\django\utils\deprecation.py first seen with mtime 1702973783.6467042
File C:\Users\MALIHP\AppData\Local\Programs\Python\Python311\DLLs\_ssl.pyd first seen with mtime 1675778102.0
File C:\Users\MALIHP\AppData\Local\Programs\Python\Python311\Lib\re\_casefix.py first seen with mtime 1675778062.0
File C:\Users\MALIHP\AppData\Local\Programs\Python\Python311\Lib\site-packages\urllib3\util\timeout.py first seen with mtime 1683877363.691884
File C:\Users\MALIHP\AppData\Local\Programs\Python\Python311\Lib\asyncio\windows_utils.py first seen with mtime 1675778062.0
File C:\Users\MALIHP\AppData\Local\Programs\Python\Python311\Lib\site-packages\selenium\webdriver\support\wait.py first seen with mtime 1719584370.9354682
File C:\Users\MALIHP\AppData\Local\Programs\Python\Python311\Lib\wsgiref\simple_server.py first seen with mtime 1675778062.0
File C:\Users\MALIHP\AppData\Local\Programs\Python\Python311\Lib\site-packages\django\db\models\signals.py first seen with mtime 1702973783.3654618
File C:\Users\MALIHP\AppData\Local\Programs\Python\Python311\Lib\site-packages\django\template\defaultfilters.py first seen with mtime 1702973783.5685813
File C:\Users\MALIHP\AppData\Local\Programs\Python\Python311\Lib\site-packages\webdriver_manager\core\manager.py first seen with mtime 1722504943.902073
File C:\Users\MALIHP\AppData\Local\Programs\Python\Python311\Lib\site-packages\chardet\jisfreq.py first seen with mtime 1703673218.1464746
File C:\Users\MALIHP\AppData\Local\Programs\Python\Python311\Lib\site-packages\django\utils\datastructures.py first seen with mtime 1702973783.63108
File C:\Users\MALIHP\AppData\Local\Programs\Python\Python311\Lib\subprocess.py first seen with mtime 1675778062.0
File C:\Users\MALIHP\Desktop\simetriburoapp\Simetri\manage.py first seen with mtime 1722349887.6070478
File C:\Users\MALIHP\AppData\Local\Programs\Python\Python311\Lib\site-packages\django\core\checks\security\__init__.py first seen with mtime 1702973783.1310933
File C:\Users\MALIHP\AppData\Local\Programs\Python\Python311\Lib\site-packages\django\db\models\functions\comparison.py first seen with mtime 1702973783.3810866
File C:\Users\MALIHP\AppData\Local\Programs\Python\Python311\Lib\struct.py first seen with mtime 1675778062.0
File C:\Users\MALIHP\AppData\Local\Programs\Python\Python311\Lib\re\_parser.py first seen with mtime 1675778062.0
File C:\Users\MALIHP\AppData\Local\Programs\Python\Python311\Lib\encodings\utf_8.py first seen with mtime 1675778062.0
File C:\Users\MALIHP\Desktop\simetriburoapp\Simetri\order\__init__.py first seen with mtime 1722349887.6270468
File C:\Users\MALIHP\AppData\Local\Programs\Python\Python311\Lib\site-packages\django\db\backends\base\schema.py first seen with mtime 1702973783.2560904
File C:\Users\MALIHP\AppData\Local\Programs\Python\Python311\Lib\site-packages\selenium\webdriver\common\__init__.py first seen with mtime 1719584370.1093364
File C:\Users\MALIHP\AppData\Local\Programs\Python\Python311\Lib\site-packages\django\db\backends\base\__init__.py first seen with mtime 1702973783.2404654
File C:\Users\MALIHP\AppData\Local\Programs\Python\Python311\Lib\site-packages\django\core\serializers\__init__.py first seen with mtime 1702973783.2248409
File C:\Users\MALIHP\AppData\Local\Programs\Python\Python311\Lib\site-packages\charset_normalizer\md__mypyc.cp311-win_amd64.pyd first seen with mtime 1683877386.8298016
File C:\Users\MALIHP\AppData\Local\Programs\Python\Python311\Lib\site-packages\requests\adapters.py first seen with mtime 1683877392.9806807
File C:\Users\MALIHP\AppData\Local\Programs\Python\Python311\Lib\site-packages\idna\intranges.py first seen with mtime 1683877381.5591106
File C:\Users\MALIHP\AppData\Local\Programs\Python\Python311\Lib\site-packages\soupsieve\__meta__.py first seen with mtime 1683877366.9960303
File C:\Users\MALIHP\AppData\Local\Programs\Python\Python311\Lib\wsgiref\__init__.py first seen with mtime 1675778062.0
File C:\Users\MALIHP\AppData\Local\Programs\Python\Python311\Lib\site-packages\webdriver_manager\core\logger.py first seen with mtime 1722504943.902073
File C:\Users\MALIHP\AppData\Local\Programs\Python\Python311\Lib\types.py first seen with mtime 1675778062.0
File C:\Users\MALIHP\AppData\Local\Programs\Python\Python311\Lib\site-packages\django\urls\base.py first seen with mtime 1702973783.6154563
File C:\Users\MALIHP\AppData\Local\Programs\Python\Python311\Lib\html\__init__.py first seen with mtime 1675778062.0
File C:\Users\MALIHP\AppData\Local\Programs\Python\Python311\DLLs\unicodedata.pyd first seen with mtime 1675778104.0
File C:\Users\MALIHP\AppData\Local\Programs\Python\Python311\Lib\site-packages\django\db\models\sql\constants.py first seen with mtime 1702973783.3967113
File C:\Users\MALIHP\AppData\Local\Programs\Python\Python311\DLLs\select.pyd first seen with mtime 1675778102.0
File C:\Users\MALIHP\AppData\Local\Programs\Python\Python311\Lib\site-packages\chardet\euckrfreq.py first seen with mtime 1703673218.1464746
File C:\Users\MALIHP\AppData\Local\Programs\Python\Python311\Lib\site-packages\selenium\webdriver\common\alert.py first seen with mtime 1719584370.124961
File C:\Users\MALIHP\AppData\Local\Programs\Python\Python311\Lib\site-packages\selenium\webdriver\common\proxy.py first seen with mtime 1719584370.654232
File C:\Users\MALIHP\AppData\Local\Programs\Python\Python311\Lib\site-packages\sqlparse\engine\filter_stack.py first seen with mtime 1702973774.4878292
File C:\Users\MALIHP\AppData\Local\Programs\Python\Python311\Lib\site-packages\django\contrib\admin\templatetags\log.py first seen with mtime 1702973777.3280456
File C:\Users\MALIHP\AppData\Local\Programs\Python\Python311\Lib\site-packages\django\db\models\indexes.py first seen with mtime 1702973783.3654618
File C:\Users\MALIHP\AppData\Local\Programs\Python\Python311\Lib\site-packages\selenium\webdriver\webkitgtk\service.py first seen with mtime 1719584370.9354682
File C:\Users\MALIHP\AppData\Local\Programs\Python\Python311\Lib\site-packages\sqlparse\lexer.py first seen with mtime 1702973774.4722037
File C:\Users\MALIHP\AppData\Local\Programs\Python\Python311\Lib\site-packages\django\db\backends\base\client.py first seen with mtime 1702973783.2560904
File C:\Users\MALIHP\AppData\Local\Programs\Python\Python311\Lib\site-packages\charset_normalizer\constant.py first seen with mtime 1683877386.8141892
File C:\Users\MALIHP\AppData\Local\Programs\Python\Python311\Lib\site-packages\django\db\models\options.py first seen with mtime 1702973783.3654618
File C:\Users\MALIHP\AppData\Local\Programs\Python\Python311\Lib\site-packages\django\core\wsgi.py first seen with mtime 1702973783.0998437
File C:\Users\MALIHP\AppData\Local\Programs\Python\Python311\Lib\site-packages\webdriver_manager\core\__init__.py first seen with mtime 1722504943.8891664
File C:\Users\MALIHP\AppData\Local\Programs\Python\Python311\Lib\site-packages\django\template\loader.py first seen with mtime 1702973783.5685813
File C:\Users\MALIHP\AppData\Local\Programs\Python\Python311\Lib\site-packages\selenium\webdriver\chrome\service.py first seen with mtime 1719584370.093711
File C:\Users\MALIHP\AppData\Local\Programs\Python\Python311\Lib\site-packages\requests\status_codes.py first seen with mtime 1683877392.996305
File C:\Users\MALIHP\AppData\Local\Programs\Python\Python311\Lib\site-packages\django\forms\formsets.py first seen with mtime 1702973783.4123366
File C:\Users\MALIHP\AppData\Local\Programs\Python\Python311\Lib\site-packages\django\db\migrations\utils.py first seen with mtime 1702973783.3342123
File C:\Users\MALIHP\AppData\Local\Programs\Python\Python311\Lib\site-packages\django\template\loaders\__init__.py first seen with mtime 1702973783.584206
File C:\Users\MALIHP\AppData\Local\Programs\Python\Python311\Lib\site-packages\selenium\webdriver\edge\__init__.py first seen with mtime 1719584370.7167263
File C:\Users\MALIHP\AppData\Local\Programs\Python\Python311\Lib\site-packages\django\db\migrations\operations\fields.py first seen with mtime 1702973783.3498368
File C:\Users\MALIHP\AppData\Local\Programs\Python\Python311\Lib\urllib\request.py first seen with mtime 1675778062.0
File C:\Users\MALIHP\AppData\Local\Programs\Python\Python311\Lib\site-packages\django\core\checks\security\sessions.py first seen with mtime 1702973783.146717
File C:\Users\MALIHP\AppData\Local\Programs\Python\Python311\Lib\collections\__init__.py first seen with mtime 1675778062.0
File C:\Users\MALIHP\AppData\Local\Programs\Python\Python311\Lib\site-packages\django\db\models\functions\mixins.py first seen with mtime 1702973783.3967113
File C:\Users\MALIHP\AppData\Local\Programs\Python\Python311\Lib\importlib\__init__.py first seen with mtime 1675778062.0
File C:\Users\MALIHP\AppData\Local\Programs\Python\Python311\Lib\keyword.py first seen with mtime 1675778062.0
File C:\Users\MALIHP\AppData\Local\Programs\Python\Python311\Lib\copyreg.py first seen with mtime 1675778062.0
File C:\Users\MALIHP\AppData\Local\Programs\Python\Python311\Lib\site-packages\django\contrib\admin\decorators.py first seen with mtime 1702973776.406106
File C:\Users\MALIHP\AppData\Local\Programs\Python\Python311\Lib\site-packages\django\contrib\contenttypes\apps.py first seen with mtime 1702973778.9268162
File C:\Users\MALIHP\AppData\Local\Programs\Python\Python311\Lib\site-packages\selenium\webdriver\chromium\options.py first seen with mtime 1719584370.093711
File C:\Users\MALIHP\AppData\Local\Programs\Python\Python311\Lib\site-packages\webdriver_manager\__init__.py first seen with mtime 1722504943.8577163
File C:\Users\MALIHP\AppData\Local\Programs\Python\Python311\Lib\site-packages\chardet\charsetgroupprober.py first seen with mtime 1703673218.130851
File C:\Users\MALIHP\AppData\Local\Programs\Python\Python311\Lib\site-packages\django\template\backends\django.py first seen with mtime 1702973783.584206
File C:\Users\MALIHP\AppData\Local\Programs\Python\Python311\Lib\site-packages\django\views\decorators\__init__.py first seen with mtime 1702973783.6935785
File C:\Users\MALIHP\AppData\Local\Programs\Python\Python311\Lib\site-packages\dotenv\parser.py first seen with mtime 1719584421.5456066
File C:\Users\MALIHP\AppData\Local\Programs\Python\Python311\Lib\site-packages\django\contrib\auth\decorators.py first seen with mtime 1702973777.6405375
File C:\Users\MALIHP\AppData\Local\Programs\Python\Python311\Lib\site-packages\django\core\__init__.py first seen with mtime 1702973783.0998437
File C:\Users\MALIHP\AppData\Local\Programs\Python\Python311\Lib\site-packages\selenium\webdriver\common\bidi\__init__.py first seen with mtime 1719584370.124961
File C:\Users\MALIHP\AppData\Local\Programs\Python\Python311\Lib\site-packages\chardet\langthaimodel.py first seen with mtime 1703673218.1620998
File C:\Users\MALIHP\AppData\Local\Programs\Python\Python311\Lib\_compression.py first seen with mtime 1675778062.0
File C:\Users\MALIHP\AppData\Local\Programs\Python\Python311\Lib\sqlite3\__init__.py first seen with mtime 1675778062.0
File C:\Users\MALIHP\AppData\Local\Programs\Python\Python311\Lib\site-packages\django\core\management\commands\__init__.py first seen with mtime 1702973783.1935916
File C:\Users\MALIHP\AppData\Local\Programs\Python\Python311\Lib\site-packages\urllib3\response.py first seen with mtime 1683877363.6762593
File C:\Users\MALIHP\AppData\Local\Programs\Python\Python311\Lib\site-packages\django\forms\__init__.py first seen with mtime 1702973783.4123366
File C:\Users\MALIHP\AppData\Local\Programs\Python\Python311\Lib\socketserver.py first seen with mtime 1675778062.0
File C:\Users\MALIHP\AppData\Local\Programs\Python\Python311\Lib\site-packages\certifi\__init__.py first seen with mtime 1683877387.1018429
File C:\Users\MALIHP\AppData\Local\Programs\Python\Python311\Lib\tarfile.py first seen with mtime 1675778062.0
File C:\Users\MALIHP\AppData\Local\Programs\Python\Python311\Lib\importlib\resources\_itertools.py first seen with mtime 1675778062.0
File C:\Users\MALIHP\AppData\Local\Programs\Python\Python311\Lib\site-packages\django\contrib\admin\__init__.py first seen with mtime 1702973776.406106
File C:\Users\MALIHP\AppData\Local\Programs\Python\Python311\Lib\site-packages\django\utils\numberformat.py first seen with mtime 1702973783.6623294
File C:\Users\MALIHP\AppData\Local\Programs\Python\Python311\Lib\json\encoder.py first seen with mtime 1675778062.0
File C:\Users\MALIHP\AppData\Local\Programs\Python\Python311\Lib\site-packages\bs4\__init__.py first seen with mtime 1683877399.3611522
File C:\Users\MALIHP\AppData\Local\Programs\Python\Python311\Lib\site-packages\django\template\loaders\filesystem.py first seen with mtime 1702973783.5998302
File C:\Users\MALIHP\AppData\Local\Programs\Python\Python311\Lib\email\feedparser.py first seen with mtime 1675778062.0
File C:\Users\MALIHP\AppData\Local\Programs\Python\Python311\Lib\site-packages\requests\packages.py first seen with mtime 1683877392.996305
File C:\Users\MALIHP\AppData\Local\Programs\Python\Python311\Lib\site-packages\urllib3\_version.py first seen with mtime 1683877363.6606383
File C:\Users\MALIHP\AppData\Local\Programs\Python\Python311\Lib\email\charset.py first seen with mtime 1675778062.0
File C:\Users\MALIHP\AppData\Local\Programs\Python\Python311\Lib\site-packages\websocket\_logging.py first seen with mtime 1719584364.9442637
File C:\Users\MALIHP\AppData\Local\Programs\Python\Python311\Lib\zoneinfo\__init__.py first seen with mtime 1675778062.0
File C:\Users\MALIHP\AppData\Local\Programs\Python\Python311\Lib\site-packages\websocket\_http.py first seen with mtime 1719584364.9422638
File C:\Users\MALIHP\AppData\Local\Programs\Python\Python311\Lib\site-packages\selenium\webdriver\common\actions\wheel_input.py first seen with mtime 1719584370.124961
File C:\Users\MALIHP\AppData\Local\Programs\Python\Python311\Lib\site-packages\django\core\management\commands\runserver.py first seen with mtime 1702973783.2092154
File C:\Users\MALIHP\AppData\Local\Programs\Python\Python311\Lib\site-packages\django\core\management\base.py first seen with mtime 1702973783.1779668
File C:\Users\MALIHP\AppData\Local\Programs\Python\Python311\Lib\site-packages\django\http\__init__.py first seen with mtime 1702973783.5373318
File C:\Users\MALIHP\AppData\Local\Programs\Python\Python311\Lib\base64.py first seen with mtime 1675778062.0
File C:\Users\MALIHP\AppData\Local\Programs\Python\Python311\Lib\multiprocessing\context.py first seen with mtime 1675778062.0
File C:\Users\MALIHP\AppData\Local\Programs\Python\Python311\Lib\json\scanner.py first seen with mtime 1675778062.0
File C:\Users\MALIHP\AppData\Local\Programs\Python\Python311\Lib\mimetypes.py first seen with mtime 1675778062.0
File C:\Users\MALIHP\AppData\Local\Programs\Python\Python311\Lib\site-packages\django\utils\timezone.py first seen with mtime 1702973783.677954
File C:\Users\MALIHP\AppData\Local\Programs\Python\Python311\Lib\site-packages\chardet\utf1632prober.py first seen with mtime 1703673218.1777241
File C:\Users\MALIHP\AppData\Local\Programs\Python\Python311\Lib\ast.py first seen with mtime 1675778062.0
File C:\Users\MALIHP\AppData\Local\Programs\Python\Python311\Lib\asyncio\coroutines.py first seen with mtime 1675778062.0
File C:\Users\MALIHP\AppData\Local\Programs\Python\Python311\Lib\site-packages\django\db\backends\base\validation.py first seen with mtime 1702973783.2560904
File C:\Users\MALIHP\AppData\Local\Programs\Python\Python311\Lib\heapq.py first seen with mtime 1675778062.0
File C:\Users\MALIHP\AppData\Local\Programs\Python\Python311\Lib\site-packages\django\utils\termcolors.py first seen with mtime 1702973783.6623294
File C:\Users\MALIHP\AppData\Local\Programs\Python\Python311\Lib\concurrent\futures\thread.py first seen with mtime 1675778062.0
File C:\Users\MALIHP\AppData\Local\Programs\Python\Python311\Lib\site-packages\django\core\files\storage\base.py first seen with mtime 1702973783.1623414
File C:\Users\MALIHP\AppData\Local\Programs\Python\Python311\Lib\site-packages\django\db\__init__.py first seen with mtime 1702973783.2404654
File C:\Users\MALIHP\AppData\Local\Programs\Python\Python311\Lib\site-packages\selenium\webdriver\remote\file_detector.py first seen with mtime 1719584370.857349
File C:\Users\MALIHP\AppData\Local\Programs\Python\Python311\Lib\site-packages\django\utils\version.py first seen with mtime 1702973783.677954
File C:\Users\MALIHP\AppData\Local\Programs\Python\Python311\Lib\site-packages\django\db\migrations\operations\special.py first seen with mtime 1702973783.3498368
File C:\Users\MALIHP\AppData\Local\Programs\Python\Python311\Lib\site-packages\typing_extensions.py first seen with mtime 1703673284.152006
File C:\Users\MALIHP\AppData\Local\Programs\Python\Python311\Lib\site-packages\charset_normalizer\api.py first seen with mtime 1683877386.8141892
File C:\Users\MALIHP\AppData\Local\Programs\Python\Python311\Lib\site-packages\django\contrib\messages\storage\base.py first seen with mtime 1702973780.4892764
File C:\Users\MALIHP\AppData\Local\Programs\Python\Python311\Lib\site-packages\django\db\models\fields\related.py first seen with mtime 1702973783.3810866
File C:\Users\MALIHP\Desktop\simetriburoapp\Simetri\order\forms.py first seen with mtime 1722853139.4431999
File C:\Users\MALIHP\AppData\Local\Programs\Python\Python311\Lib\site-packages\django\contrib\auth\backends.py first seen with mtime 1702973777.6405375
File C:\Users\MALIHP\AppData\Local\Programs\Python\Python311\Lib\site-packages\selenium\webdriver\common\options.py first seen with mtime 1719584370.654232
File C:\Users\MALIHP\AppData\Local\Programs\Python\Python311\Lib\site-packages\soupsieve\__init__.py first seen with mtime 1683877366.9960303
File C:\Users\MALIHP\AppData\Local\Programs\Python\Python311\Lib\site-packages\django\core\exceptions.py first seen with mtime 1702973783.0998437
File C:\Users\MALIHP\AppData\Local\Programs\Python\Python311\Lib\site-packages\django\utils\encoding.py first seen with mtime 1702973783.6467042
File C:\Users\MALIHP\AppData\Local\Programs\Python\Python311\Lib\site-packages\django\core\servers\__init__.py first seen with mtime 1702973783.2404654
File C:\Users\MALIHP\AppData\Local\Programs\Python\Python311\Lib\site-packages\sqlparse\filters\right_margin.py first seen with mtime 1702973774.5034535
File C:\Users\MALIHP\AppData\Local\Programs\Python\Python311\Lib\site-packages\sqlparse\tokens.py first seen with mtime 1702973774.4878292
File C:\Users\MALIHP\AppData\Local\Programs\Python\Python311\Lib\site-packages\django\template\engine.py first seen with mtime 1702973783.5685813
File C:\Users\MALIHP\AppData\Local\Programs\Python\Python311\Lib\email\mime\text.py first seen with mtime 1675778062.0
File C:\Users\MALIHP\AppData\Local\Programs\Python\Python311\Lib\reprlib.py first seen with mtime 1675778062.0
File C:\Users\MALIHP\AppData\Local\Programs\Python\Python311\Lib\site-packages\django\contrib\admin\exceptions.py first seen with mtime 1702973776.406106
File C:\Users\MALIHP\AppData\Local\Programs\Python\Python311\Lib\email\mime\__init__.py first seen with mtime 1675778062.0
File C:\Users\MALIHP\AppData\Local\Programs\Python\Python311\Lib\site-packages\django\core\validators.py first seen with mtime 1702973783.0998437
File C:\Users\MALIHP\AppData\Local\Programs\Python\Python311\Lib\email\encoders.py first seen with mtime 1675778062.0
File C:\Users\MALIHP\AppData\Local\Programs\Python\Python311\Lib\numbers.py first seen with mtime 1675778062.0
File C:\Users\MALIHP\AppData\Local\Programs\Python\Python311\Lib\site-packages\webdriver_manager\drivers\__init__.py first seen with mtime 1722504943.902073
File C:\Users\MALIHP\AppData\Local\Programs\Python\Python311\Lib\site-packages\django\template\__init__.py first seen with mtime 1702973783.5529573
File C:\Users\MALIHP\AppData\Local\Programs\Python\Python311\Lib\site-packages\django\contrib\contenttypes\checks.py first seen with mtime 1702973778.9268162
File C:\Users\MALIHP\AppData\Local\Programs\Python\Python311\Lib\site-packages\django\contrib\auth\hashers.py first seen with mtime 1702973777.656163
File C:\Users\MALIHP\AppData\Local\Programs\Python\Python311\Lib\site-packages\django\utils\translation\trans_real.py first seen with mtime 1702973783.677954
File C:\Users\MALIHP\AppData\Local\Programs\Python\Python311\Lib\concurrent\futures\_base.py first seen with mtime 1675778062.0
File C:\Users\MALIHP\AppData\Local\Programs\Python\Python311\Lib\site-packages\websocket\_socket.py first seen with mtime 1719584364.9452634
File C:\Users\MALIHP\AppData\Local\Programs\Python\Python311\Lib\calendar.py first seen with mtime 1675778062.0
File C:\Users\MALIHP\AppData\Local\Programs\Python\Python311\Lib\site-packages\django\conf\locale\__init__.py first seen with mtime 1702973775.7811232
File C:\Users\MALIHP\AppData\Local\Programs\Python\Python311\Lib\re\_constants.py first seen with mtime 1675778062.0
File C:\Users\MALIHP\AppData\Local\Programs\Python\Python311\Lib\asyncio\events.py first seen with mtime 1675778062.0
File C:\Users\MALIHP\AppData\Local\Programs\Python\Python311\Lib\site-packages\django\core\files\base.py first seen with mtime 1702973783.146717
File C:\Users\MALIHP\AppData\Local\Programs\Python\Python311\Lib\site-packages\requests\hooks.py first seen with mtime 1683877392.996305
File C:\Users\MALIHP\AppData\Local\Programs\Python\Python311\Lib\site-packages\django\views\decorators\cache.py first seen with mtime 1702973783.6935785
File C:\Users\MALIHP\AppData\Local\Programs\Python\Python311\Lib\site-packages\django\contrib\staticfiles\management\commands\__init__.py first seen with mtime 1702973783.0842185
File C:\Users\MALIHP\AppData\Local\Programs\Python\Python311\Lib\site-packages\selenium\webdriver\remote\remote_connection.py first seen with mtime 1719584370.8729699
File C:\Users\MALIHP\AppData\Local\Programs\Python\Python311\Lib\site-packages\sqlparse\engine\__init__.py first seen with mtime 1702973774.4878292
File C:\Users\MALIHP\AppData\Local\Programs\Python\Python311\Lib\site-packages\selenium\webdriver\common\actions\wheel_actions.py first seen with mtime 1719584370.124961
File C:\Users\MALIHP\AppData\Local\Programs\Python\Python311\Lib\site-packages\django\utils\decorators.py first seen with mtime 1702973783.6467042
File C:\Users\MALIHP\AppData\Local\Programs\Python\Python311\Lib\site-packages\chardet\sbcharsetprober.py first seen with mtime 1703673218.1777241
File C:\Users\MALIHP\AppData\Local\Programs\Python\Python311\Lib\site-packages\django\contrib\admin\templatetags\admin_modify.py first seen with mtime 1702973777.3280456
File C:\Users\MALIHP\AppData\Local\Programs\Python\Python311\Lib\site-packages\urllib3\util\util.py first seen with mtime 1683877363.707507
File C:\Users\MALIHP\AppData\Local\Programs\Python\Python311\Lib\site-packages\packaging\_structures.py first seen with mtime 1683877380.715385
File C:\Users\MALIHP\AppData\Local\Programs\Python\Python311\Lib\site-packages\selenium\webdriver\edge\options.py first seen with mtime 1719584370.7167263
File C:\Users\MALIHP\AppData\Local\Programs\Python\Python311\Lib\site-packages\selenium\webdriver\firefox\firefox_profile.py first seen with mtime 1719584370.779225
File C:\Users\MALIHP\AppData\Local\Programs\Python\Python311\Lib\site-packages\django\core\checks\files.py first seen with mtime 1702973783.1310933
File C:\Users\MALIHP\AppData\Local\Programs\Python\Python311\Lib\site-packages\django\db\models\base.py first seen with mtime 1702973783.3498368
File C:\Users\MALIHP\AppData\Local\Programs\Python\Python311\Lib\urllib\__init__.py first seen with mtime 1675778062.0
File C:\Users\MALIHP\AppData\Local\Programs\Python\Python311\Lib\site-packages\django\contrib\staticfiles\management\commands\runserver.py first seen with mtime 1702973783.0842185
File C:\Users\MALIHP\AppData\Local\Programs\Python\Python311\Lib\site-packages\django\contrib\auth\signals.py first seen with mtime 1702973777.656163
File C:\Users\MALIHP\AppData\Local\Programs\Python\Python311\Lib\site-packages\django\template\loaders\app_directories.py first seen with mtime 1702973783.584206
File C:\Users\MALIHP\Desktop\simetriburoapp\simetri\order\templates\.DS_Store first seen with mtime 1722349887.6070478
File C:\Users\MALIHP\Desktop\simetriburoapp\simetri\order\templates\order first seen with mtime 1722842735.041135
File C:\Users\MALIHP\Desktop\simetriburoapp\simetri\order\templates\order\approve_customer_update.html first seen with mtime 1722349887.6070478
File C:\Users\MALIHP\Desktop\simetriburoapp\simetri\order\templates\order\buying_invoice_detail.html first seen with mtime 1722599128.4346013
File C:\Users\MALIHP\Desktop\simetriburoapp\simetri\order\templates\order\buying_invoice_list.html first seen with mtime 1722839602.4607444
File C:\Users\MALIHP\Desktop\simetriburoapp\simetri\order\templates\order\change_product.html first seen with mtime 1722349904.6442342
File C:\Users\MALIHP\Desktop\simetriburoapp\simetri\order\templates\order\comparison.html first seen with mtime 1722349887.6070478
File C:\Users\MALIHP\Desktop\simetriburoapp\simetri\order\templates\order\customer_details.html first seen with mtime 1722349887.6070478
File C:\Users\MALIHP\Desktop\simetriburoapp\simetri\order\templates\order\customer_financials.html first seen with mtime 1722349904.6442342
File C:\Users\MALIHP\Desktop\simetriburoapp\simetri\order\templates\order\customer_list.html first seen with mtime 1722839602.4607444
File C:\Users\MALIHP\Desktop\simetriburoapp\simetri\order\templates\order\customer_new.html first seen with mtime 1722349887.6070478
File C:\Users\MALIHP\Desktop\simetriburoapp\simetri\order\templates\order\customer_update_request.html first seen with mtime 1722349887.6070478
File C:\Users\MALIHP\Desktop\simetriburoapp\simetri\order\templates\order\index.html first seen with mtime 1722839602.4607444
File C:\Users\MALIHP\Desktop\simetriburoapp\simetri\order\templates\order\invoice_detail.html first seen with mtime 1722349887.6070478
File C:\Users\MALIHP\Desktop\simetriburoapp\simetri\order\templates\order\invoice_list.html first seen with mtime 1722839602.5107512
File C:\Users\MALIHP\Desktop\simetriburoapp\simetri\order\templates\order\invoice_publish.html first seen with mtime 1722349887.6170483
File C:\Users\MALIHP\Desktop\simetriburoapp\simetri\order\templates\order\invoice_publish_success.html first seen with mtime 1722349887.6170483
File C:\Users\MALIHP\Desktop\simetriburoapp\simetri\order\templates\order\navbar.html first seen with mtime 1722516035.7809227
File C:\Users\MALIHP\Desktop\simetriburoapp\simetri\order\templates\order\order_create.html first seen with mtime 1722349887.6170483
File C:\Users\MALIHP\Desktop\simetriburoapp\simetri\order\templates\order\order_detail.html first seen with mtime 1722599001.6243324
File C:\Users\MALIHP\Desktop\simetriburoapp\simetri\order\templates\order\order_list.html first seen with mtime 1722349904.6542366
File C:\Users\MALIHP\Desktop\simetriburoapp\simetri\order\templates\order\payment_receipt_detail.html first seen with mtime 1722349887.6170483
File C:\Users\MALIHP\Desktop\simetriburoapp\simetri\order\templates\order\payment_receipt_edit.html first seen with mtime 1722349887.6170483
File C:\Users\MALIHP\Desktop\simetriburoapp\simetri\order\templates\order\payment_receipt_form.html first seen with mtime 1722848538.2674768
File C:\Users\MALIHP\Desktop\simetriburoapp\simetri\order\templates\order\payment_receipt_list.html first seen with mtime 1722349904.6542366
File C:\Users\MALIHP\Desktop\simetriburoapp\simetri\order\templates\order\product.html first seen with mtime 1722839602.5107512
File C:\Users\MALIHP\Desktop\simetriburoapp\simetri\order\templates\order\production.html first seen with mtime 1722349904.6542366
File C:\Users\MALIHP\Desktop\simetriburoapp\simetri\order\templates\order\product_order_history.html first seen with mtime 1722349887.6170483
File C:\Users\MALIHP\Desktop\simetriburoapp\simetri\order\templates\order\purchase_create.html first seen with mtime 1722516027.70994
File C:\Users\MALIHP\Desktop\simetriburoapp\simetri\order\templates\order\supplier_financials.html first seen with mtime 1722845525.951305
File C:\Users\MALIHP\Desktop\simetriburoapp\simetri\order\templates\order\supplier_list.html first seen with mtime 1722843620.341177
File C:\Users\MALIHP\Desktop\simetriburoapp\simetri\order\templates\order\supplier_new.html first seen with mtime 1722349904.6542366
File C:\Users\MALIHP\Desktop\simetriburoapp\simetri\order\templates\order\user_financial.html first seen with mtime 1722349887.6170483
File C:\Users\MALIHP\Desktop\simetriburoapp\simetri\order\templates\order\user_invoice_list.html first seen with mtime 1722349887.6270468
File C:\Users\MALIHP\Desktop\simetriburoapp\simetri\order\templates\order\user_order.html first seen with mtime 1722349904.6608322
File C:\Users\MALIHP\Desktop\simetriburoapp\simetri\order\templates\order\user_order_list.html first seen with mtime 1722349887.6270468
File C:\Users\MALIHP\Desktop\simetriburoapp\simetri\users\templates\users first seen with mtime 1722839603.3647716
File C:\Users\MALIHP\Desktop\simetriburoapp\simetri\users\templates\users\layout.html first seen with mtime 1722349887.7870314
File C:\Users\MALIHP\Desktop\simetriburoapp\simetri\users\templates\users\login.html first seen with mtime 1722839603.3647716
File C:\Users\MALIHP\Desktop\simetriburoapp\simetri\users\templates\users\user.html first seen with mtime 1722349887.7870314
File C:\Users\MALIHP\Desktop\simetriburoapp\Simetri\order\migrations\0022_alter_orderitem_tax.py first seen with mtime 1722349887.6570442
File C:\Users\MALIHP\Desktop\simetriburoapp\Simetri\users\migrations\__init__.py first seen with mtime 1722349887.7870314
File C:\Users\MALIHP\Desktop\simetriburoapp\Simetri\order\migrations\0063_rename_grand_total_buyinginvoice_grand_total_tl.py first seen with mtime 1722508658.2832842
File C:\Users\MALIHP\Desktop\simetriburoapp\Simetri\order\migrations\__init__.py first seen with mtime 1722349887.6770422
File C:\Users\MALIHP\Desktop\simetriburoapp\Simetri\order\migrations\0054_place_transfer_inventory.py first seen with mtime 1722349904.6708336
File C:\Users\MALIHP\Desktop\simetriburoapp\Simetri\Simetri\wsgi.py first seen with mtime 1722349887.5870495
File C:\Users\MALIHP\Desktop\simetriburoapp\Simetri\order\migrations\0024_remove_orderitem_tax.py first seen with mtime 1722349887.6570442
File C:\Users\MALIHP\Desktop\simetriburoapp\Simetri\order\migrations\0051_invoice_published.py first seen with mtime 1722349887.6770422
File C:\Users\MALIHP\Desktop\simetriburoapp\Simetri\order\migrations\0033_invoice.py first seen with mtime 1722349887.6570442
File C:\Users\MALIHP\Desktop\simetriburoapp\Simetri\order\migrations\0009_product_priceselling2_product_priceselling3_and_more.py first seen with mtime 1722349887.6470447
File C:\Users\MALIHP\Desktop\simetriburoapp\Simetri\order\migrations\0031_order_is_billed.py first seen with mtime 1722349887.6570442
File C:\Users\MALIHP\Desktop\simetriburoapp\Simetri\order\migrations\0003_alter_toner_barcode_alter_toner_box_and_more.py first seen with mtime 1722349887.6370463
File C:\Users\MALIHP\Desktop\simetriburoapp\Simetri\order\migrations\0067_remove_buyingitem_finalized_currency_rate_and_more.py first seen with mtime 1722588491.3651016
File C:\Users\MALIHP\Desktop\simetriburoapp\Simetri\order\migrations\0060_supplier.py first seen with mtime 1722349904.67753
File C:\Users\MALIHP\Desktop\simetriburoapp\Simetri\order\migrations\0014_alter_currencyrate_rateeur_and_more.py first seen with mtime 1722349887.6470447
File C:\Users\MALIHP\Desktop\simetriburoapp\Simetri\order\migrations\0049_customer_user.py first seen with mtime 1722349887.6770422
File C:\Users\MALIHP\Desktop\simetriburoapp\Simetri\order\migrations\0041_alter_paymentreceipt_transaction_type_buyinginvoice.py first seen with mtime 1722349887.6670434
File C:\Users\MALIHP\AppData\Local\Programs\Python\Python311\Lib\site-packages\django\contrib\contenttypes\migrations\__init__.py first seen with mtime 1702973779.2393084
File C:\Users\MALIHP\Desktop\simetriburoapp\Simetri\order\migrations\0044_alter_paymentreceipt_date.py first seen with mtime 1722349887.6670434
File C:\Users\MALIHP\AppData\Local\Programs\Python\Python311\Lib\site-packages\django\contrib\auth\migrations\0005_alter_user_last_login_null.py first seen with mtime 1702973778.9111927
File C:\Users\MALIHP\Desktop\simetriburoapp\Simetri\order\migrations\0019_orderitem_tax_rate.py first seen with mtime 1722349887.6470447
File C:\Users\MALIHP\AppData\Local\Programs\Python\Python311\Lib\site-packages\django\contrib\auth\migrations\0002_alter_permission_name_max_length.py first seen with mtime 1702973778.8955674
File C:\Users\MALIHP\Desktop\simetriburoapp\Simetri\order\migrations\0004_rename_developer_product_remove_chip_brand_and_more.py first seen with mtime 1722349887.6370463
File C:\Users\MALIHP\Desktop\simetriburoapp\Simetri\order\migrations\0064_rename_total_amount_buyinginvoice_total_amount_tl.py first seen with mtime 1722509614.3394966
File C:\Users\MALIHP\AppData\Local\Programs\Python\Python311\Lib\site-packages\django\contrib\auth\migrations\0004_alter_user_username_opts.py first seen with mtime 1702973778.9111927
File C:\Users\MALIHP\Desktop\simetriburoapp\Simetri\order\migrations\0038_cashregister_expenseitem_paymentreceipt_debit_credit.py first seen with mtime 1722349887.6670434
File C:\Users\MALIHP\AppData\Local\Programs\Python\Python311\Lib\site-packages\django\contrib\auth\migrations\0010_alter_group_name_max_length.py first seen with mtime 1702973778.9111927
File C:\Users\MALIHP\AppData\Local\Programs\Python\Python311\Lib\site-packages\django\contrib\sessions\migrations\0001_initial.py first seen with mtime 1702973781.50571
File C:\Users\MALIHP\Desktop\simetriburoapp\Simetri\order\migrations\0020_rename_tax_rate_orderitem_tax_rate.py first seen with mtime 1722349887.6570442
File C:\Users\MALIHP\Desktop\simetriburoapp\Simetri\order\migrations\0039_remove_credit_customer_remove_debit_expense_item_and_more.py first seen with mtime 1722349887.6670434
File C:\Users\MALIHP\Desktop\simetriburoapp\Simetri\order\migrations\0055_product_final_product.py first seen with mtime 1722349904.6708336
File C:\Users\MALIHP\Desktop\simetriburoapp\Simetri\order\migrations\0001_initial.py first seen with mtime 1722349887.6370463
File C:\Users\MALIHP\Desktop\simetriburoapp\Simetri\order\migrations\0026_alter_orderitem_discount_rate.py first seen with mtime 1722349887.6570442
File C:\Users\MALIHP\Desktop\simetriburoapp\Simetri\order\migrations\0011_alter_currencyrate_rateeur_and_more.py first seen with mtime 1722349887.6470447
File C:\Users\MALIHP\AppData\Local\Programs\Python\Python311\Lib\site-packages\django\middleware\clickjacking.py first seen with mtime 1702973783.5529573
File C:\Users\MALIHP\Desktop\simetriburoapp\Simetri\order\migrations\0042_paymentreceipt_eur_amount_paymentreceipt_usd_amount.py first seen with mtime 1722349887.6670434
File C:\Users\MALIHP\Desktop\simetriburoapp\Simetri\order\migrations\0006_alter_currencyrate_rateeur_alter_customer_taxoffice_and_more.py first seen with mtime 1722349887.6470447
File C:\Users\MALIHP\Desktop\simetriburoapp\Simetri\order\migrations\0062_alter_buyinginvoice_billing_address.py first seen with mtime 1722349904.67753
File C:\Users\MALIHP\AppData\Local\Programs\Python\Python311\Lib\site-packages\django\contrib\admin\migrations\0003_logentry_add_action_flag_choices.py first seen with mtime 1702973777.0936763
File C:\Users\MALIHP\Desktop\simetriburoapp\Simetri\order\migrations\0027_alter_orderitem_discount_rate.py first seen with mtime 1722349887.6570442
File C:\Users\MALIHP\Desktop\simetriburoapp\Simetri\order\migrations\0061_remove_buyinginvoice_order_buyinginvoice_supplier_and_more.py first seen with mtime 1722349904.67753
File C:\Users\MALIHP\Desktop\simetriburoapp\Simetri\order\migrations\0069_rename_balance_cashregister_balance_eur_and_more.py first seen with mtime 1722849411.3687763
File C:\Users\MALIHP\AppData\Local\Programs\Python\Python311\Lib\site-packages\django\contrib\auth\migrations\0003_alter_user_email_max_length.py first seen with mtime 1702973778.8955674
File C:\Users\MALIHP\AppData\Local\Programs\Python\Python311\Lib\site-packages\django\contrib\auth\migrations\0012_alter_user_first_name_max_length.py first seen with mtime 1702973778.9111927
File C:\Users\MALIHP\AppData\Local\Programs\Python\Python311\Lib\site-packages\django\contrib\admin\migrations\__init__.py first seen with mtime 1702973777.0936763
File C:\Users\MALIHP\Desktop\simetriburoapp\Simetri\order\migrations\0005_rename_currencyrates_currencyrate.py first seen with mtime 1722349887.6370463
File C:\Users\MALIHP\Desktop\simetriburoapp\Simetri\order\migrations\0053_remove_product_final_product_and_more.py first seen with mtime 1722349904.6708336
File C:\Users\MALIHP\Desktop\simetriburoapp\Simetri\order\migrations\0021_remove_orderitem_tax_rate_orderitem_tax.py first seen with mtime 1722349887.6570442
File C:\Users\MALIHP\AppData\Local\Programs\Python\Python311\Lib\site-packages\django\contrib\auth\migrations\0007_alter_validators_add_error_messages.py first seen with mtime 1702973778.9111927
File C:\Users\MALIHP\Desktop\simetriburoapp\Simetri\order\migrations\0057_alter_production_box_alter_production_cartridge_head_and_more.py first seen with mtime 1722349904.6708336
File C:\Users\MALIHP\AppData\Local\Programs\Python\Python311\Lib\site-packages\django\contrib\contenttypes\migrations\0001_initial.py first seen with mtime 1702973779.2236843
File C:\Users\MALIHP\Desktop\simetriburoapp\Simetri\order\migrations\0028_order_user.py first seen with mtime 1722349887.6570442
File C:\Users\MALIHP\Desktop\simetriburoapp\Simetri\order\migrations\0010_location_district_alter_currencyrate_rateeur_and_more.py first seen with mtime 1722349887.6470447
File C:\Users\MALIHP\Desktop\simetriburoapp\Simetri\order\migrations\0065_buyinginvoice_total_amount_eur_and_more.py first seen with mtime 1722509750.5091245
File C:\Users\MALIHP\Desktop\simetriburoapp\Simetri\order\migrations\0047_remove_order_user_customer_user_alter_order_customer_and_more.py first seen with mtime 1722349887.6770422
File C:\Users\MALIHP\Desktop\simetriburoapp\Simetri\order\migrations\0017_remove_order_price_remove_order_product_and_more.py first seen with mtime 1722349887.6470447
File C:\Users\MALIHP\Desktop\simetriburoapp\Simetri\order\migrations\0034_invoice_total_discount.py first seen with mtime 1722349887.6670434
File C:\Users\MALIHP\Desktop\simetriburoapp\Simetri\order\migrations\0030_remove_customer_shipping_city.py first seen with mtime 1722349887.6570442
File C:\Users\MALIHP\AppData\Local\Programs\Python\Python311\Lib\site-packages\django\contrib\auth\migrations\0001_initial.py first seen with mtime 1702973778.8955674
File C:\Users\MALIHP\AppData\Local\Programs\Python\Python311\Lib\site-packages\django\db\migrations\recorder.py first seen with mtime 1702973783.3342123
File C:\Users\MALIHP\AppData\Local\Programs\Python\Python311\Lib\site-packages\django\contrib\auth\migrations\0008_alter_user_username_max_length.py first seen with mtime 1702973778.9111927
File C:\Users\MALIHP\Desktop\simetriburoapp\Simetri\order\migrations\0040_cashregister_expenseitem_paymentreceipt_debit_credit.py first seen with mtime 1722349887.6670434
File C:\Users\MALIHP\Desktop\simetriburoapp\Simetri\order\migrations\0023_alter_orderitem_tax.py first seen with mtime 1722349887.6570442
File C:\Users\MALIHP\Desktop\simetriburoapp\Simetri\order\migrations\0013_alter_currencyrate_rateeur_alter_customer_city_and_more.py first seen with mtime 1722349887.6470447
File C:\Users\MALIHP\Desktop\simetriburoapp\Simetri\order\migrations\0029_customer_shipping_adress_customer_shipping_city.py first seen with mtime 1722349887.6570442
File C:\Users\MALIHP\AppData\Local\Programs\Python\Python311\Lib\site-packages\django\db\models\sql\compiler.py first seen with mtime 1702973783.3967113
File C:\Users\MALIHP\Desktop\simetriburoapp\Simetri\order\migrations\0043_paymentreceipt_transaction_number.py first seen with mtime 1722349887.6670434
File C:\Users\MALIHP\Desktop\simetriburoapp\Simetri\order\migrations\0035_invoice_grand_total_eur_invoice_grand_total_usd.py first seen with mtime 1722349887.6670434
File C:\Users\MALIHP\Desktop\simetriburoapp\Simetri\order\migrations\0016_alter_currencyrate_rateeur_and_more.py first seen with mtime 1722349887.6470447
File C:\Users\MALIHP\AppData\Local\Programs\Python\Python311\Lib\site-packages\django\contrib\sessions\migrations\__init__.py first seen with mtime 1702973781.50571
File C:\Users\MALIHP\Desktop\simetriburoapp\Simetri\order\migrations\0025_orderitem_discount_rate.py first seen with mtime 1722349887.6570442
File C:\Users\MALIHP\Desktop\simetriburoapp\Simetri\order\migrations\0036_bankaccount_cashaccount_employee_salarypayment_and_more.py first seen with mtime 1722349887.6670434
File C:\Users\MALIHP\Desktop\simetriburoapp\Simetri\order\migrations\0056_production.py first seen with mtime 1722349904.6708336
File C:\Users\MALIHP\Desktop\simetriburoapp\Simetri\order\migrations\0007_remove_customer_adresname_alter_currencyrate_rateeur.py first seen with mtime 1722349887.6470447
File C:\Users\MALIHP\Desktop\simetriburoapp\Simetri\order\migrations\0050_customerupdaterequest.py first seen with mtime 1722349887.6770422
File C:\Users\MALIHP\AppData\Local\Programs\Python\Python311\Lib\site-packages\django\contrib\auth\migrations\0011_update_proxy_permissions.py first seen with mtime 1702973778.9111927
File C:\Users\MALIHP\Desktop\simetriburoapp\Simetri\order\migrations\0037_remove_expense_bank_account_and_more.py first seen with mtime 1722349887.6670434
File C:\Users\MALIHP\Desktop\simetriburoapp\Simetri\order\migrations\0002_alter_toner_barcode_alter_toner_box_and_more.py first seen with mtime 1722349887.6370463
File C:\Users\MALIHP\AppData\Local\Programs\Python\Python311\Lib\site-packages\django\contrib\admin\migrations\0001_initial.py first seen with mtime 1702973777.0936763
File C:\Users\MALIHP\AppData\Local\Programs\Python\Python311\Lib\site-packages\django\contrib\sessions\backends\db.py first seen with mtime 1702973781.1463444
File C:\Users\MALIHP\Desktop\simetriburoapp\Simetri\order\migrations\0066_remove_buyinginvoice_status_and_more.py first seen with mtime 1722587878.1824048
File C:\Users\MALIHP\Desktop\simetriburoapp\Simetri\order\migrations\0045_remove_debit_expense_item_delete_credit_delete_debit.py first seen with mtime 1722349887.6670434
File C:\Users\MALIHP\Desktop\simetriburoapp\Simetri\order\migrations\0046_alter_paymentreceipt_transaction_type.py first seen with mtime 1722349887.6670434
File C:\Users\MALIHP\Desktop\simetriburoapp\Simetri\order\migrations\0058_remove_production_date_alter_production_box_and_more.py first seen with mtime 1722349904.67753
File C:\Users\MALIHP\Desktop\simetriburoapp\Simetri\order\migrations\0032_customer_e_invoice.py first seen with mtime 1722349887.6570442
File C:\Users\MALIHP\Desktop\simetriburoapp\Simetri\order\migrations\0008_alter_currencyrate_rateeur_and_more.py first seen with mtime 1722349887.6470447
File C:\Users\MALIHP\Desktop\simetriburoapp\Simetri\order\migrations\0018_orderitem_currency_rate_alter_currencyrate_rateeur_and_more.py first seen with mtime 1722349887.6470447
File C:\Users\MALIHP\AppData\Local\Programs\Python\Python311\Lib\site-packages\django\contrib\auth\migrations\0009_alter_user_last_name_max_length.py first seen with mtime 1702973778.9111927
File C:\Users\MALIHP\Desktop\simetriburoapp\Simetri\order\migrations\0059_inventory_pricebuying.py first seen with mtime 1722349904.67753
File C:\Users\MALIHP\AppData\Local\Programs\Python\Python311\Lib\site-packages\django\db\migrations\graph.py first seen with mtime 1702973783.3342123
File C:\Users\MALIHP\AppData\Local\Programs\Python\Python311\Lib\site-packages\django\contrib\auth\migrations\__init__.py first seen with mtime 1702973778.9111927
File C:\Users\MALIHP\Desktop\simetriburoapp\Simetri\order\migrations\0048_remove_customer_user_order_user.py first seen with mtime 1722349887.6770422
File C:\Users\MALIHP\AppData\Local\Programs\Python\Python311\Lib\site-packages\django\contrib\auth\migrations\0006_require_contenttypes_0002.py first seen with mtime 1702973778.9111927
File C:\Users\MALIHP\Desktop\simetriburoapp\Simetri\order\migrations\0068_paymentreceipt_supplier.py first seen with mtime 1722841874.4898121
File C:\Users\MALIHP\Desktop\simetriburoapp\Simetri\order\migrations\0052_product_final_product.py first seen with mtime 1722349904.6708336
File C:\Users\MALIHP\Desktop\simetriburoapp\Simetri\order\migrations\0015_rename_invoicenumber_order_order_number_and_more.py first seen with mtime 1722349887.6470447
File C:\Users\MALIHP\AppData\Local\Programs\Python\Python311\Lib\site-packages\django\contrib\contenttypes\migrations\0002_remove_content_type_name.py first seen with mtime 1702973779.2393084
File C:\Users\MALIHP\AppData\Local\Programs\Python\Python311\Lib\site-packages\django\contrib\admin\migrations\0002_logentry_remove_auto_add.py first seen with mtime 1702973777.0936763
File C:\Users\MALIHP\Desktop\simetriburoapp\Simetri\order\migrations\0012_alter_currencyrate_rateeur_and_more.py first seen with mtime 1722349887.6470447
(0.000) SELECT "django_session"."session_key", "django_session"."session_data", "django_session"."expire_date" FROM "django_session" WHERE ("django_session"."expire_date" > '2024-08-05 10:20:39.127758' AND "django_session"."session_key" = 'a12p9xjinh6y814h6j7c5ze82jzupw1k') LIMIT 21; args=('2024-08-05 10:20:39.127758', 'a12p9xjinh6y814h6j7c5ze82jzupw1k'); alias=default
(0.000) SELECT "auth_user"."id", "auth_user"."password", "auth_user"."last_login", "auth_user"."is_superuser", "auth_user"."username", "auth_user"."first_name", "auth_user"."last_name", "auth_user"."email", "auth_user"."is_staff", "auth_user"."is_active", "auth_user"."date_joined" FROM "auth_user" WHERE "auth_user"."id" = 1 LIMIT 21; args=(1,); alias=default
(0.000) BEGIN; args=None; alias=default
(0.000) SELECT "order_paymentreceipt"."id", "order_paymentreceipt"."user_id", "order_paymentreceipt"."cash_register_id", "order_paymentreceipt"."customer_id", "order_paymentreceipt"."supplier_id", "order_paymentreceipt"."expense_item_id", "order_paymentreceipt"."transaction_type", "order_paymentreceipt"."amount", "order_paymentreceipt"."usd_amount", "order_paymentreceipt"."eur_amount", "order_paymentreceipt"."date", "order_paymentreceipt"."transaction_number" FROM "order_paymentreceipt" WHERE "order_paymentreceipt"."id" = 5 LIMIT 21; args=(5,); alias=default
(0.000) SELECT "auth_user"."id", "auth_user"."password", "auth_user"."last_login", "auth_user"."is_superuser", "auth_user"."username", "auth_user"."first_name", "auth_user"."last_name", "auth_user"."email", "auth_user"."is_staff", "auth_user"."is_active", "auth_user"."date_joined" FROM "auth_user" WHERE "auth_user"."id" = 1 LIMIT 21; args=(1,); alias=default
(0.000) COMMIT; args=None; alias=default
"GET /admin/order/paymentreceipt/5/delete/ HTTP/1.1" 200 14456
File C:\Users\MALIHP\AppData\Local\Programs\Python\Python311\Lib\site-packages\django\contrib\messages\storage\fallback.py first seen with mtime 1702973780.4892764
File C:\Users\MALIHP\AppData\Local\Programs\Python\Python311\Lib\site-packages\tzdata\__init__.py first seen with mtime 1702973773.3159866
File C:\Users\MALIHP\AppData\Local\Programs\Python\Python311\Lib\site-packages\django\contrib\auth\context_processors.py first seen with mtime 1702973777.6405375
File C:\Users\MALIHP\AppData\Local\Programs\Python\Python311\Lib\site-packages\django\conf\locale\en\__init__.py first seen with mtime 1702973775.8904953
File C:\Users\MALIHP\AppData\Local\Programs\Python\Python311\Lib\site-packages\django\conf\locale\en\formats.py first seen with mtime 1702973775.8904953
File C:\Users\MALIHP\AppData\Local\Programs\Python\Python311\Lib\site-packages\django\contrib\messages\storage\session.py first seen with mtime 1702973780.504902
File C:\Users\MALIHP\AppData\Local\Programs\Python\Python311\Lib\site-packages\django\contrib\staticfiles\storage.py first seen with mtime 1702973783.0842185
File C:\Users\MALIHP\AppData\Local\Programs\Python\Python311\Lib\site-packages\django\contrib\messages\storage\cookie.py first seen with mtime 1702973780.4892764
File C:\Users\MALIHP\AppData\Local\Programs\Python\Python311\Lib\site-packages\django\contrib\sessions\serializers.py first seen with mtime 1702973781.1307192
File C:\Users\MALIHP\AppData\Local\Programs\Python\Python311\Lib\site-packages\django\template\context_processors.py first seen with mtime 1702973783.5685813
File C:\Users\MALIHP\AppData\Local\Programs\Python\Python311\Lib\site-packages\django\contrib\messages\context_processors.py first seen with mtime 1702973780.4892764
File C:\Users\MALIHP\AppData\Local\Programs\Python\Python311\Lib\site-packages\tzdata\zoneinfo\__init__.py first seen with mtime 1702973773.378482
(0.000) SELECT "django_session"."session_key", "django_session"."session_data", "django_session"."expire_date" FROM "django_session" WHERE ("django_session"."expire_date" > '2024-08-05 10:20:40.343940' AND "django_session"."session_key" = 'a12p9xjinh6y814h6j7c5ze82jzupw1k') LIMIT 21; args=('2024-08-05 10:20:40.343940', 'a12p9xjinh6y814h6j7c5ze82jzupw1k'); alias=default
(0.000) SELECT "auth_user"."id", "auth_user"."password", "auth_user"."last_login", "auth_user"."is_superuser", "auth_user"."username", "auth_user"."first_name", "auth_user"."last_name", "auth_user"."email", "auth_user"."is_staff", "auth_user"."is_active", "auth_user"."date_joined" FROM "auth_user" WHERE "auth_user"."id" = 1 LIMIT 21; args=(1,); alias=default
(0.000) BEGIN; args=None; alias=default
(0.000) SELECT "order_paymentreceipt"."id", "order_paymentreceipt"."user_id", "order_paymentreceipt"."cash_register_id", "order_paymentreceipt"."customer_id", "order_paymentreceipt"."supplier_id", "order_paymentreceipt"."expense_item_id", "order_paymentreceipt"."transaction_type", "order_paymentreceipt"."amount", "order_paymentreceipt"."usd_amount", "order_paymentreceipt"."eur_amount", "order_paymentreceipt"."date", "order_paymentreceipt"."transaction_number" FROM "order_paymentreceipt" WHERE "order_paymentreceipt"."id" = 5 LIMIT 21; args=(5,); alias=default
(0.000) SELECT "auth_user"."id", "auth_user"."password", "auth_user"."last_login", "auth_user"."is_superuser", "auth_user"."username", "auth_user"."first_name", "auth_user"."last_name", "auth_user"."email", "auth_user"."is_staff", "auth_user"."is_active", "auth_user"."date_joined" FROM "auth_user" WHERE "auth_user"."id" = 1 LIMIT 21; args=(1,); alias=default
(0.000) SELECT "django_content_type"."id", "django_content_type"."app_label", "django_content_type"."model" FROM "django_content_type" WHERE ("django_content_type"."app_label" = 'order' AND "django_content_type"."model" = 'paymentreceipt') LIMIT 21; args=('order', 'paymentreceipt'); alias=default
(0.000) INSERT INTO "django_admin_log" ("action_time", "user_id", "content_type_id", "object_id", "object_repr", "action_flag", "change_message") VALUES ('2024-08-05 10:20:40.355392', 1, 40, '5', 'ersandagdeviren - Tediye - 0.00', 3, '') RETURNING "django_admin_log"."id"; args=('2024-08-05 10:20:40.355392', 1, 40, '5', 'ersandagdeviren - Tediye - 0.00', 3, ''); alias=default
(0.000) SELECT "order_cashregister"."id", "order_cashregister"."cash_code", "order_cashregister"."name", "order_cashregister"."balance_USD", "order_cashregister"."balance_EUR", "order_cashregister"."balance_tl" FROM "order_cashregister" WHERE "order_cashregister"."id" = 1 LIMIT 21; args=(1,); alias=default
(0.000) UPDATE "order_cashregister" SET "cash_code" = '100-02', "name" = 'Garanti USD', "balance_USD" = '48.53', "balance_EUR" = '-1.35', "balance_tl" = '-50.00' WHERE "order_cashregister"."id" = 1; args=('100-02', 'Garanti USD', '48.53', '-1.35', '-50.00', 1); alias=default
(0.000) DELETE FROM "order_paymentreceipt" WHERE "order_paymentreceipt"."id" IN (5); args=(5,); alias=default
(0.046) COMMIT; args=None; alias=default
"POST /admin/order/paymentreceipt/5/delete/ HTTP/1.1" 302 0
(0.000) SELECT "django_session"."session_key", "django_session"."session_data", "django_session"."expire_date" FROM "django_session" WHERE ("django_session"."expire_date" > '2024-08-05 10:20:40.410295' AND "django_session"."session_key" = 'a12p9xjinh6y814h6j7c5ze82jzupw1k') LIMIT 21; args=('2024-08-05 10:20:40.410295', 'a12p9xjinh6y814h6j7c5ze82jzupw1k'); alias=default
(0.000) SELECT "auth_user"."id", "auth_user"."password", "auth_user"."last_login", "auth_user"."is_superuser", "auth_user"."username", "auth_user"."first_name", "auth_user"."last_name", "auth_user"."email", "auth_user"."is_staff", "auth_user"."is_active", "auth_user"."date_joined" FROM "auth_user" WHERE "auth_user"."id" = 1 LIMIT 21; args=(1,); alias=default
(0.000) SELECT COUNT(*) AS "__count" FROM "order_paymentreceipt"; args=(); alias=default
(0.000) SELECT COUNT(*) AS "__count" FROM "order_paymentreceipt"; args=(); alias=default
(0.000) SELECT "order_paymentreceipt"."id", "order_paymentreceipt"."user_id", "order_paymentreceipt"."cash_register_id", "order_paymentreceipt"."customer_id", "order_paymentreceipt"."supplier_id", "order_paymentreceipt"."expense_item_id", "order_paymentreceipt"."transaction_type", "order_paymentreceipt"."amount", "order_paymentreceipt"."usd_amount", "order_paymentreceipt"."eur_amount", "order_paymentreceipt"."date", "order_paymentreceipt"."transaction_number", "auth_user"."id", "auth_user"."password", "auth_user"."last_login", "auth_user"."is_superuser", "auth_user"."username", "auth_user"."first_name", "auth_user"."last_name", "auth_user"."email", "auth_user"."is_staff", "auth_user"."is_active", "auth_user"."date_joined", "order_cashregister"."id", "order_cashregister"."cash_code", "order_cashregister"."name", "order_cashregister"."balance_USD", "order_cashregister"."balance_EUR", "order_cashregister"."balance_tl" FROM "order_paymentreceipt" INNER JOIN "auth_user" ON ("order_paymentreceipt"."user_id" = "auth_user"."id") INNER JOIN "order_cashregister" ON ("order_paymentreceipt"."cash_register_id" = "order_cashregister"."id") ORDER BY "order_paymentreceipt"."id" DESC; args=(); alias=default
"GET /admin/order/paymentreceipt/ HTTP/1.1" 200 14622
(0.000) SELECT "django_session"."session_key", "django_session"."session_data", "django_session"."expire_date" FROM "django_session" WHERE ("django_session"."expire_date" > '2024-08-05 10:20:40.472508' AND "django_session"."session_key" = 'a12p9xjinh6y814h6j7c5ze82jzupw1k') LIMIT 21; args=('2024-08-05 10:20:40.472508', 'a12p9xjinh6y814h6j7c5ze82jzupw1k'); alias=default
(0.000) SELECT "auth_user"."id", "auth_user"."password", "auth_user"."last_login", "auth_user"."is_superuser", "auth_user"."username", "auth_user"."first_name", "auth_user"."last_name", "auth_user"."email", "auth_user"."is_staff", "auth_user"."is_active", "auth_user"."date_joined" FROM "auth_user" WHERE "auth_user"."id" = 1 LIMIT 21; args=(1,); alias=default
"GET /admin/jsi18n/ HTTP/1.1" 200 3342
(0.000) SELECT "django_session"."session_key", "django_session"."session_data", "django_session"."expire_date" FROM "django_session" WHERE ("django_session"."expire_date" > '2024-08-05 10:20:44.604582' AND "django_session"."session_key" = 'a12p9xjinh6y814h6j7c5ze82jzupw1k') LIMIT 21; args=('2024-08-05 10:20:44.604582', 'a12p9xjinh6y814h6j7c5ze82jzupw1k'); alias=default
(0.000) SELECT "auth_user"."id", "auth_user"."password", "auth_user"."last_login", "auth_user"."is_superuser", "auth_user"."username", "auth_user"."first_name", "auth_user"."last_name", "auth_user"."email", "auth_user"."is_staff", "auth_user"."is_active", "auth_user"."date_joined" FROM "auth_user" WHERE "auth_user"."id" = 1 LIMIT 21; args=(1,); alias=default
(0.000) SELECT COUNT(*) AS "__count" FROM "order_supplier"; args=(); alias=default
(0.000) SELECT "order_supplier"."id", "order_supplier"."supplierCode", "order_supplier"."companyName", "order_supplier"."taxOffice", "order_supplier"."tax_number", "order_supplier"."city", "order_supplier"."adress", "order_supplier"."country", "order_supplier"."email", "order_supplier"."telephone", "order_supplier"."contactPerson" FROM "order_supplier" LIMIT 2; args=(); alias=default
"GET /order/supplier_listed HTTP/1.1" 200 3816
(0.000) SELECT "django_session"."session_key", "django_session"."session_data", "django_session"."expire_date" FROM "django_session" WHERE ("django_session"."expire_date" > '2024-08-05 10:20:45.021039' AND "django_session"."session_key" = 'a12p9xjinh6y814h6j7c5ze82jzupw1k') LIMIT 21; args=('2024-08-05 10:20:45.021039', 'a12p9xjinh6y814h6j7c5ze82jzupw1k'); alias=default
(0.000) SELECT "auth_user"."id", "auth_user"."password", "auth_user"."last_login", "auth_user"."is_superuser", "auth_user"."username", "auth_user"."first_name", "auth_user"."last_name", "auth_user"."email", "auth_user"."is_staff", "auth_user"."is_active", "auth_user"."date_joined" FROM "auth_user" WHERE "auth_user"."id" = 1 LIMIT 21; args=(1,); alias=default
(0.000) SELECT COUNT(*) AS "__count" FROM "order_buyinginvoice"; args=(); alias=default
"GET /order/buying-invoices/ HTTP/1.1" 200 3339
(0.000) SELECT "django_session"."session_key", "django_session"."session_data", "django_session"."expire_date" FROM "django_session" WHERE ("django_session"."expire_date" > '2024-08-05 10:20:45.404649' AND "django_session"."session_key" = 'a12p9xjinh6y814h6j7c5ze82jzupw1k') LIMIT 21; args=('2024-08-05 10:20:45.404649', 'a12p9xjinh6y814h6j7c5ze82jzupw1k'); alias=default
(0.000) SELECT "auth_user"."id", "auth_user"."password", "auth_user"."last_login", "auth_user"."is_superuser", "auth_user"."username", "auth_user"."first_name", "auth_user"."last_name", "auth_user"."email", "auth_user"."is_staff", "auth_user"."is_active", "auth_user"."date_joined" FROM "auth_user" WHERE "auth_user"."id" = 1 LIMIT 21; args=(1,); alias=default
(0.000) SELECT COUNT(*) AS "__count" FROM "order_paymentreceipt"; args=(); alias=default
"GET /order/payment_receipts/ HTTP/1.1" 200 3280
(0.000) SELECT "django_session"."session_key", "django_session"."session_data", "django_session"."expire_date" FROM "django_session" WHERE ("django_session"."expire_date" > '2024-08-05 10:20:46.934994' AND "django_session"."session_key" = 'a12p9xjinh6y814h6j7c5ze82jzupw1k') LIMIT 21; args=('2024-08-05 10:20:46.934994', 'a12p9xjinh6y814h6j7c5ze82jzupw1k'); alias=default
(0.000) SELECT "auth_user"."id", "auth_user"."password", "auth_user"."last_login", "auth_user"."is_superuser", "auth_user"."username", "auth_user"."first_name", "auth_user"."last_name", "auth_user"."email", "auth_user"."is_staff", "auth_user"."is_active", "auth_user"."date_joined" FROM "auth_user" WHERE "auth_user"."id" = 1 LIMIT 21; args=(1,); alias=default
(0.000) SELECT "order_customer"."id", "order_customer"."user_id", "order_customer"."customerCode", "order_customer"."companyName", "order_customer"."taxOffice", "order_customer"."tax_number", "order_customer"."name", "order_customer"."middleName", "order_customer"."surname", "order_customer"."city", "order_customer"."district", "order_customer"."adress", "order_customer"."shipping_adress", "order_customer"."country", "order_customer"."email", "order_customer"."telephone", "order_customer"."customerType", "order_customer"."contactPerson", "order_customer"."E_invoice" FROM "order_customer"; args=(); alias=default
(0.000) SELECT "order_cashregister"."id", "order_cashregister"."cash_code", "order_cashregister"."name", "order_cashregister"."balance_USD", "order_cashregister"."balance_EUR", "order_cashregister"."balance_tl" FROM "order_cashregister"; args=(); alias=default
(0.000) SELECT "order_expenseitem"."id", "order_expenseitem"."expense_code", "order_expenseitem"."name" FROM "order_expenseitem"; args=(); alias=default
(0.000) SELECT "order_supplier"."id", "order_supplier"."supplierCode", "order_supplier"."companyName", "order_supplier"."taxOffice", "order_supplier"."tax_number", "order_supplier"."city", "order_supplier"."adress", "order_supplier"."country", "order_supplier"."email", "order_supplier"."telephone", "order_supplier"."contactPerson" FROM "order_supplier"; args=(); alias=default
Exception while resolving variable 'usd_rate' in template 'order/payment_receipt_form.html'.
Traceback (most recent call last):
  File "C:\Users\MALIHP\AppData\Local\Programs\Python\Python311\Lib\site-packages\django\template\base.py", line 875, in _resolve_lookup
    current = current[bit]
              ~~~~~~~^^^^^
  File "C:\Users\MALIHP\AppData\Local\Programs\Python\Python311\Lib\site-packages\django\template\context.py", line 83, in __getitem__
    raise KeyError(key)
KeyError: 'usd_rate'

During handling of the above exception, another exception occurred:

Traceback (most recent call last):
  File "C:\Users\MALIHP\AppData\Local\Programs\Python\Python311\Lib\site-packages\django\template\base.py", line 881, in _resolve_lookup
    if isinstance(current, BaseContext) and getattr(
                                            ^^^^^^^^
AttributeError: type object 'RequestContext' has no attribute 'usd_rate'

During handling of the above exception, another exception occurred:

Traceback (most recent call last):
  File "C:\Users\MALIHP\AppData\Local\Programs\Python\Python311\Lib\site-packages\django\template\base.py", line 891, in _resolve_lookup
    current = current[int(bit)]
                      ^^^^^^^^
ValueError: invalid literal for int() with base 10: 'usd_rate'

During handling of the above exception, another exception occurred:

Traceback (most recent call last):
  File "C:\Users\MALIHP\AppData\Local\Programs\Python\Python311\Lib\site-packages\django\template\base.py", line 898, in _resolve_lookup
    raise VariableDoesNotExist(
django.template.base.VariableDoesNotExist: Failed lookup for key [usd_rate] in [{'True': True, 'False': False, 'None': None}, {'csrf_token': <SimpleLazyObject: 'I5fbXB5LcuyYsQgFx7fnyOwHwldHSyJeMr5lkzsivdmvt72ob2L2vjytG8OeUPSH'>, 'request': <WSGIRequest: GET '/order/payment_receipts/new/'>, 'user': <SimpleLazyObject: <User: ersandagdeviren>>, 'perms': PermWrapper(<SimpleLazyObject: <User: ersandagdeviren>>), 'messages': <FallbackStorage: request=<WSGIRequest: GET '/order/payment_receipts/new/'>>, 'DEFAULT_MESSAGE_LEVELS': {'DEBUG': 10, 'INFO': 20, 'SUCCESS': 25, 'WARNING': 30, 'ERROR': 40}}, {}, {'form': <PaymentReceiptForm bound=False, valid=False, fields=(customer;transaction_type;cash_register;expense_item;amount;supplier;usd_amount;eur_amount)>}, {'block': <Block Node: content. Contents: [<TextNode: '\n  <h2>Kasa lemi</h2>\n '>, <django.template.defaulttags.CsrfTokenNode object at 0x000001C113F55690>, <TextNode: '\n    '>, <Variable Node: form.as_p>, <TextNode: '\n    <button type="submit'>, <URLNode view_name=''order:payment_receipt_list'' args=[] kwargs={} as=None>, <TextNode: '">Back to list</a>\n\n  <sc'>, <URLNode view_name=''order:customer_search'' args=[] kwargs={} as=None>, <TextNode: '?q=${query}`)\n           '>, <Variable Node: usd_rate|default:0>, <TextNode: ';\n        const eurRate ='>, <Variable Node: eur_rate|default:0>, <TextNode: ';\n        \n        amount'>]>}]
Exception while resolving variable 'eur_rate' in template 'order/payment_receipt_form.html'.
Traceback (most recent call last):
  File "C:\Users\MALIHP\AppData\Local\Programs\Python\Python311\Lib\site-packages\django\template\base.py", line 875, in _resolve_lookup
    current = current[bit]
              ~~~~~~~^^^^^
  File "C:\Users\MALIHP\AppData\Local\Programs\Python\Python311\Lib\site-packages\django\template\context.py", line 83, in __getitem__
    raise KeyError(key)
KeyError: 'eur_rate'

During handling of the above exception, another exception occurred:

Traceback (most recent call last):
  File "C:\Users\MALIHP\AppData\Local\Programs\Python\Python311\Lib\site-packages\django\template\base.py", line 881, in _resolve_lookup
    if isinstance(current, BaseContext) and getattr(
                                            ^^^^^^^^
AttributeError: type object 'RequestContext' has no attribute 'eur_rate'

During handling of the above exception, another exception occurred:

Traceback (most recent call last):
  File "C:\Users\MALIHP\AppData\Local\Programs\Python\Python311\Lib\site-packages\django\template\base.py", line 891, in _resolve_lookup
    current = current[int(bit)]
                      ^^^^^^^^
ValueError: invalid literal for int() with base 10: 'eur_rate'

During handling of the above exception, another exception occurred:

Traceback (most recent call last):
  File "C:\Users\MALIHP\AppData\Local\Programs\Python\Python311\Lib\site-packages\django\template\base.py", line 898, in _resolve_lookup
    raise VariableDoesNotExist(
django.template.base.VariableDoesNotExist: Failed lookup for key [eur_rate] in [{'True': True, 'False': False, 'None': None}, {'csrf_token': <SimpleLazyObject: 'I5fbXB5LcuyYsQgFx7fnyOwHwldHSyJeMr5lkzsivdmvt72ob2L2vjytG8OeUPSH'>, 'request': <WSGIRequest: GET '/order/payment_receipts/new/'>, 'user': <SimpleLazyObject: <User: ersandagdeviren>>, 'perms': PermWrapper(<SimpleLazyObject: <User: ersandagdeviren>>), 'messages': <FallbackStorage: request=<WSGIRequest: GET '/order/payment_receipts/new/'>>, 'DEFAULT_MESSAGE_LEVELS': {'DEBUG': 10, 'INFO': 20, 'SUCCESS': 25, 'WARNING': 30, 'ERROR': 40}}, {}, {'form': <PaymentReceiptForm bound=False, valid=False, fields=(customer;transaction_type;cash_register;expense_item;amount;supplier;usd_amount;eur_amount)>}, {'block': <Block Node: content. Contents: [<TextNode: '\n  <h2>Kasa lemi</h2>\n '>, <django.template.defaulttags.CsrfTokenNode object at 0x000001C113F55690>, <TextNode: '\n    '>, <Variable Node: form.as_p>, <TextNode: '\n    <button type="submit'>, <URLNode view_name=''order:payment_receipt_list'' args=[] kwargs={} as=None>, <TextNode: '">Back to list</a>\n\n  <sc'>, <URLNode view_name=''order:customer_search'' args=[] kwargs={} as=None>, <TextNode: '?q=${query}`)\n           '>, <Variable Node: usd_rate|default:0>, <TextNode: ';\n        const eurRate ='>, <Variable Node: eur_rate|default:0>, <TextNode: ';\n        \n        amount'>]>}]
"GET /order/payment_receipts/new/ HTTP/1.1" 200 59605
(0.000) SELECT "django_session"."session_key", "django_session"."session_data", "django_session"."expire_date" FROM "django_session" WHERE ("django_session"."expire_date" > '2024-08-05 10:20:57.301493' AND "django_session"."session_key" = 'a12p9xjinh6y814h6j7c5ze82jzupw1k') LIMIT 21; args=('2024-08-05 10:20:57.301493', 'a12p9xjinh6y814h6j7c5ze82jzupw1k'); alias=default
(0.000) SELECT "auth_user"."id", "auth_user"."password", "auth_user"."last_login", "auth_user"."is_superuser", "auth_user"."username", "auth_user"."first_name", "auth_user"."last_name", "auth_user"."email", "auth_user"."is_staff", "auth_user"."is_active", "auth_user"."date_joined" FROM "auth_user" WHERE "auth_user"."id" = 1 LIMIT 21; args=(1,); alias=default
(0.000) SELECT "order_cashregister"."id", "order_cashregister"."cash_code", "order_cashregister"."name", "order_cashregister"."balance_USD", "order_cashregister"."balance_EUR", "order_cashregister"."balance_tl" FROM "order_cashregister" WHERE "order_cashregister"."id" = 1 LIMIT 21; args=(1,); alias=default
(0.000) SELECT "order_expenseitem"."id", "order_expenseitem"."expense_code", "order_expenseitem"."name" FROM "order_expenseitem" WHERE "order_expenseitem"."id" = 2 LIMIT 21; args=(2,); alias=default
(0.000) SELECT "order_supplier"."id", "order_supplier"."supplierCode", "order_supplier"."companyName", "order_supplier"."taxOffice", "order_supplier"."tax_number", "order_supplier"."city", "order_supplier"."adress", "order_supplier"."country", "order_supplier"."email", "order_supplier"."telephone", "order_supplier"."contactPerson" FROM "order_supplier" WHERE "order_supplier"."id" = 2 LIMIT 21; args=(2,); alias=default
(0.000) SELECT 1 AS "a" FROM "order_cashregister" WHERE "order_cashregister"."id" = 1 LIMIT 1; args=(1, 1); alias=default
(0.000) SELECT 1 AS "a" FROM "order_supplier" WHERE "order_supplier"."id" = 2 LIMIT 1; args=(1, 2); alias=default
(0.000) SELECT 1 AS "a" FROM "order_expenseitem" WHERE "order_expenseitem"."id" = 2 LIMIT 1; args=(1, 2); alias=default
(0.000) SELECT "order_paymentreceipt"."id", "order_paymentreceipt"."user_id", "order_paymentreceipt"."cash_register_id", "order_paymentreceipt"."customer_id", "order_paymentreceipt"."supplier_id", "order_paymentreceipt"."expense_item_id", "order_paymentreceipt"."transaction_type", "order_paymentreceipt"."amount", "order_paymentreceipt"."usd_amount", "order_paymentreceipt"."eur_amount", "order_paymentreceipt"."date", "order_paymentreceipt"."transaction_number" FROM "order_paymentreceipt" WHERE "order_paymentreceipt"."transaction_number" LIKE 'ODM20240805%' ESCAPE '\' ORDER BY "order_paymentreceipt"."transaction_number" DESC LIMIT 1; args=('ODM20240805%',); alias=default
(0.000) UPDATE "order_cashregister" SET "cash_code" = '100-02', "name" = 'Garanti USD', "balance_USD" = '48.53', "balance_EUR" = '-1.35', "balance_tl" = '-50.00' WHERE "order_cashregister"."id" = 1; args=('100-02', 'Garanti USD', '48.53', '-1.35', '-50.00', 1); alias=default
(0.000) INSERT INTO "order_paymentreceipt" ("user_id", "cash_register_id", "customer_id", "supplier_id", "expense_item_id", "transaction_type", "amount", "usd_amount", "eur_amount", "date", "transaction_number") VALUES (1, 1, NULL, 2, 2, 'Tediye', '0.00', '0.00', '0.00', '2024-08-05 10:20:57.301493', 'ODM2024080500001') RETURNING "order_paymentreceipt"."id"; args=(1, 1, None, 2, 2, 'Tediye', '0.00', '0.00', '0.00', '2024-08-05 10:20:57.301493', 'ODM2024080500001'); alias=default
"POST /order/payment_receipts/new/ HTTP/1.1" 302 0
(0.000) SELECT "django_session"."session_key", "django_session"."session_data", "django_session"."expire_date" FROM "django_session" WHERE ("django_session"."expire_date" > '2024-08-05 10:20:57.997830' AND "django_session"."session_key" = 'a12p9xjinh6y814h6j7c5ze82jzupw1k') LIMIT 21; args=('2024-08-05 10:20:57.997830', 'a12p9xjinh6y814h6j7c5ze82jzupw1k'); alias=default
(0.000) SELECT "auth_user"."id", "auth_user"."password", "auth_user"."last_login", "auth_user"."is_superuser", "auth_user"."username", "auth_user"."first_name", "auth_user"."last_name", "auth_user"."email", "auth_user"."is_staff", "auth_user"."is_active", "auth_user"."date_joined" FROM "auth_user" WHERE "auth_user"."id" = 1 LIMIT 21; args=(1,); alias=default
(0.000) SELECT "order_paymentreceipt"."id", "order_paymentreceipt"."user_id", "order_paymentreceipt"."cash_register_id", "order_paymentreceipt"."customer_id", "order_paymentreceipt"."supplier_id", "order_paymentreceipt"."expense_item_id", "order_paymentreceipt"."transaction_type", "order_paymentreceipt"."amount", "order_paymentreceipt"."usd_amount", "order_paymentreceipt"."eur_amount", "order_paymentreceipt"."date", "order_paymentreceipt"."transaction_number" FROM "order_paymentreceipt" WHERE "order_paymentreceipt"."id" = 6 LIMIT 21; args=(6,); alias=default
(0.000) SELECT "auth_user"."id", "auth_user"."password", "auth_user"."last_login", "auth_user"."is_superuser", "auth_user"."username", "auth_user"."first_name", "auth_user"."last_name", "auth_user"."email", "auth_user"."is_staff", "auth_user"."is_active", "auth_user"."date_joined" FROM "auth_user" WHERE "auth_user"."id" = 1 LIMIT 21; args=(1,); alias=default
(0.000) SELECT "order_cashregister"."id", "order_cashregister"."cash_code", "order_cashregister"."name", "order_cashregister"."balance_USD", "order_cashregister"."balance_EUR", "order_cashregister"."balance_tl" FROM "order_cashregister" WHERE "order_cashregister"."id" = 1 LIMIT 21; args=(1,); alias=default
(0.000) SELECT "order_expenseitem"."id", "order_expenseitem"."expense_code", "order_expenseitem"."name" FROM "order_expenseitem" WHERE "order_expenseitem"."id" = 2 LIMIT 21; args=(2,); alias=default
Exception while resolving variable 'order' in template 'order/payment_receipt_detail.html'.
Traceback (most recent call last):
  File "C:\Users\MALIHP\AppData\Local\Programs\Python\Python311\Lib\site-packages\django\template\base.py", line 875, in _resolve_lookup
    current = current[bit]
              ~~~~~~~^^^^^
  File "C:\Users\MALIHP\AppData\Local\Programs\Python\Python311\Lib\site-packages\django\template\context.py", line 83, in __getitem__
    raise KeyError(key)
KeyError: 'order'

During handling of the above exception, another exception occurred:

Traceback (most recent call last):
  File "C:\Users\MALIHP\AppData\Local\Programs\Python\Python311\Lib\site-packages\django\template\base.py", line 881, in _resolve_lookup
    if isinstance(current, BaseContext) and getattr(
                                            ^^^^^^^^
AttributeError: type object 'RequestContext' has no attribute 'order'

During handling of the above exception, another exception occurred:

Traceback (most recent call last):
  File "C:\Users\MALIHP\AppData\Local\Programs\Python\Python311\Lib\site-packages\django\template\base.py", line 891, in _resolve_lookup
    current = current[int(bit)]
                      ^^^^^^^^
ValueError: invalid literal for int() with base 10: 'order'

During handling of the above exception, another exception occurred:

Traceback (most recent call last):
  File "C:\Users\MALIHP\AppData\Local\Programs\Python\Python311\Lib\site-packages\django\template\base.py", line 898, in _resolve_lookup
    raise VariableDoesNotExist(
django.template.base.VariableDoesNotExist: Failed lookup for key [order] in [{'True': True, 'False': False, 'None': None}, {'csrf_token': <SimpleLazyObject: <function csrf.<locals>._get_val at 0x000001C113EF87C0>>, 'request': <WSGIRequest: GET '/order/payment_receipts/6/'>, 'user': <SimpleLazyObject: <User: ersandagdeviren>>, 'perms': PermWrapper(<SimpleLazyObject: <User: ersandagdeviren>>), 'messages': <FallbackStorage: request=<WSGIRequest: GET '/order/payment_receipts/6/'>>, 'DEFAULT_MESSAGE_LEVELS': {'DEBUG': 10, 'INFO': 20, 'SUCCESS': 25, 'WARNING': 30, 'ERROR': 40}}, {}, {'payment_receipt': <PaymentReceipt: ersandagdeviren - Tediye - 0.00>}, {'block': <Block Node: content. Contents: [<TextNode: '\n    <h2>Makbuz Detaylar'>, <Variable Node: payment_receipt.user>, <TextNode: '</td>\n        </tr>\n     '>, <Variable Node: payment_receipt.transaction_number>, <TextNode: '</td>\n        </tr>\n     '>, <Variable Node: payment_receipt.cash_register>, <TextNode: '</td>\n        </tr>\n     '>, <Variable Node: payment_receipt.customer>, <TextNode: '</td>\n        </tr>\n     '>, <Variable Node: payment_receipt.expense_item>, <TextNode: '</td>\n        </tr>\n     '>, <Variable Node: payment_receipt.get_transaction_type_display>, <TextNode: '</td>\n        </tr>\n     '>, <Variable Node: payment_receipt.usd_amount>, <TextNode: '</td>\n        </tr>\n     '>, <Variable Node: payment_receipt.eur_amount>, <TextNode: '</td>\n        </tr>\n     '>, <Variable Node: payment_receipt.date|date:"d-m-Y">, <TextNode: '</td>\n        </tr>\n     '>, <Variable Node: payment_receipt.amount>, <TextNode: ' TL</b></td>\n        </tr'>, <IfNode>, <TextNode: '\n'>]>}]
"GET /order/payment_receipts/6/ HTTP/1.1" 200 3268
File C:\Users\MALIHP\AppData\Local\Programs\Python\Python311\Lib\shlex.py first seen with mtime 1675778062.0
File C:\Users\MALIHP\AppData\Local\Programs\Python\Python311\Lib\netrc.py first seen with mtime 1675778062.0
File C:\Users\MALIHP\AppData\Local\Programs\Python\Python311\Lib\encodings\cp1252.py first seen with mtime 1675778062.0
File C:\Users\MALIHP\Desktop\simetriburoapp\Simetri\Simetri\settings.py previous mtime: 1722853231.7516232, current mtime: 1722853506.8465724
C:\Users\MALIHP\Desktop\simetriburoapp\Simetri\Simetri\settings.py notified as changed. Signal results: [(<function template_changed at 0x000001C11112F7E0>, None), (<function translation_file_changed at 0x000001C11272CB80>, None)].
C:\Users\MALIHP\Desktop\simetriburoapp\Simetri\Simetri\settings.py changed, reloading.
